{
  "C:\\Users\\Hp\\Desktop\\Git\\Codeccharya\\src\\App.jsx": {
    "path": "C:\\Users\\Hp\\Desktop\\Git\\Codeccharya\\src\\App.jsx",
    "statementMap": {
      "0": {
        "start": { "line": 9, "column": 2 },
        "end": { "line": 27, "column": 4 }
      }
    },
    "fnMap": {
      "0": {
        "name": "App",
        "decl": {
          "start": { "line": 8, "column": 9 },
          "end": { "line": 8, "column": 12 }
        },
        "loc": {
          "start": { "line": 8, "column": 15 },
          "end": { "line": 28, "column": 1 }
        },
        "line": 8
      }
    },
    "branchMap": {},
    "s": { "0": 0 },
    "f": { "0": 0 },
    "b": {}
  },
  "C:\\Users\\Hp\\Desktop\\Git\\Codeccharya\\src\\main.jsx": {
    "path": "C:\\Users\\Hp\\Desktop\\Git\\Codeccharya\\src\\main.jsx",
    "statementMap": {
      "0": {
        "start": { "line": 6, "column": 0 },
        "end": { "line": 6, "column": 9 }
      },
      "1": {
        "start": { "line": 8, "column": 0 },
        "end": { "line": 12, "column": 2 }
      }
    },
    "fnMap": {},
    "branchMap": {},
    "s": { "0": 0, "1": 0 },
    "f": {},
    "b": {}
  },
  "C:\\Users\\Hp\\Desktop\\Git\\Codeccharya\\src\\server copy.jsx": {
    "path": "C:\\Users\\Hp\\Desktop\\Git\\Codeccharya\\src\\server copy.jsx",
    "statementMap": {
      "0": {
        "start": { "line": 4, "column": 15 },
        "end": { "line": 52, "column": 4 }
      },
      "1": {
        "start": { "line": 11, "column": 6 },
        "end": { "line": 42, "column": 9 }
      },
      "2": {
        "start": { "line": 46, "column": 6 },
        "end": { "line": 46, "column": 29 }
      },
      "3": {
        "start": { "line": 47, "column": 6 },
        "end": { "line": 50, "column": 9 }
      },
      "4": {
        "start": { "line": 48, "column": 8 },
        "end": { "line": 48, "column": 28 }
      },
      "5": {
        "start": { "line": 49, "column": 8 },
        "end": { "line": 49, "column": 42 }
      },
      "6": {
        "start": { "line": 53, "column": 2 },
        "end": { "line": 53, "column": 16 }
      }
    },
    "fnMap": {
      "0": {
        "name": "server",
        "decl": {
          "start": { "line": 3, "column": 24 },
          "end": { "line": 3, "column": 30 }
        },
        "loc": {
          "start": { "line": 3, "column": 69 },
          "end": { "line": 54, "column": 1 }
        },
        "line": 3
      },
      "1": {
        "name": "(anonymous_1)",
        "decl": {
          "start": { "line": 10, "column": 4 },
          "end": { "line": 10, "column": 5 }
        },
        "loc": {
          "start": { "line": 10, "column": 18 },
          "end": { "line": 43, "column": 5 }
        },
        "line": 10
      },
      "2": {
        "name": "(anonymous_2)",
        "decl": {
          "start": { "line": 45, "column": 4 },
          "end": { "line": 45, "column": 5 }
        },
        "loc": {
          "start": { "line": 45, "column": 13 },
          "end": { "line": 51, "column": 5 }
        },
        "line": 45
      },
      "3": {
        "name": "(anonymous_3)",
        "decl": {
          "start": { "line": 47, "column": 33 },
          "end": { "line": 47, "column": 34 }
        },
        "loc": {
          "start": { "line": 47, "column": 45 },
          "end": { "line": 50, "column": 7 }
        },
        "line": 47
      }
    },
    "branchMap": {
      "0": {
        "loc": {
          "start": { "line": 3, "column": 31 },
          "end": { "line": 3, "column": 67 }
        },
        "type": "default-arg",
        "locations": [
          {
            "start": { "line": 3, "column": 65 },
            "end": { "line": 3, "column": 67 }
          }
        ],
        "line": 3
      },
      "1": {
        "loc": {
          "start": { "line": 3, "column": 33 },
          "end": { "line": 3, "column": 60 }
        },
        "type": "default-arg",
        "locations": [
          {
            "start": { "line": 3, "column": 47 },
            "end": { "line": 3, "column": 60 }
          }
        ],
        "line": 3
      }
    },
    "s": { "0": 0, "1": 0, "2": 0, "3": 0, "4": 0, "5": 0, "6": 0 },
    "f": { "0": 0, "1": 0, "2": 0, "3": 0 },
    "b": { "0": [0], "1": [0] }
  },
  "C:\\Users\\Hp\\Desktop\\Git\\Codeccharya\\src\\server.jsx": {
    "path": "C:\\Users\\Hp\\Desktop\\Git\\Codeccharya\\src\\server.jsx",
    "statementMap": {
      "0": {
        "start": { "line": 4, "column": 15 },
        "end": { "line": 9444, "column": 4 }
      },
      "1": {
        "start": { "line": 14, "column": 6 },
        "end": { "line": 338, "column": 11 }
      },
      "2": {
        "start": { "line": 339, "column": 6 },
        "end": { "line": 677, "column": 9 }
      },
      "3": {
        "start": { "line": 679, "column": 6 },
        "end": { "line": 888, "column": 9 }
      },
      "4": {
        "start": { "line": 890, "column": 6 },
        "end": { "line": 990, "column": 9 }
      },
      "5": {
        "start": { "line": 991, "column": 6 },
        "end": { "line": 1240, "column": 9 }
      },
      "6": {
        "start": { "line": 1241, "column": 6 },
        "end": { "line": 1393, "column": 9 }
      },
      "7": {
        "start": { "line": 1394, "column": 6 },
        "end": { "line": 1481, "column": 9 }
      },
      "8": {
        "start": { "line": 1482, "column": 6 },
        "end": { "line": 1505, "column": 9 }
      },
      "9": {
        "start": { "line": 1507, "column": 6 },
        "end": { "line": 2551, "column": 9 }
      },
      "10": {
        "start": { "line": 2553, "column": 6 },
        "end": { "line": 3502, "column": 9 }
      },
      "11": {
        "start": { "line": 3504, "column": 6 },
        "end": { "line": 4879, "column": 9 }
      },
      "12": {
        "start": { "line": 4881, "column": 6 },
        "end": { "line": 6165, "column": 9 }
      },
      "13": {
        "start": { "line": 6166, "column": 6 },
        "end": { "line": 8016, "column": 9 }
      },
      "14": {
        "start": { "line": 8017, "column": 6 },
        "end": { "line": 9071, "column": 9 }
      },
      "15": {
        "start": { "line": 9072, "column": 6 },
        "end": { "line": 9323, "column": 9 }
      },
      "16": {
        "start": { "line": 9324, "column": 6 },
        "end": { "line": 9412, "column": 9 }
      },
      "17": {
        "start": { "line": 9416, "column": 6 },
        "end": { "line": 9416, "column": 29 }
      },
      "18": {
        "start": { "line": 9417, "column": 6 },
        "end": { "line": 9420, "column": 9 }
      },
      "19": {
        "start": { "line": 9418, "column": 8 },
        "end": { "line": 9418, "column": 37 }
      },
      "20": {
        "start": { "line": 9419, "column": 8 },
        "end": { "line": 9419, "column": 40 }
      },
      "21": {
        "start": { "line": 9422, "column": 6 },
        "end": { "line": 9424, "column": 9 }
      },
      "22": {
        "start": { "line": 9423, "column": 8 },
        "end": { "line": 9423, "column": 35 }
      },
      "23": {
        "start": { "line": 9426, "column": 6 },
        "end": { "line": 9438, "column": 9 }
      },
      "24": {
        "start": { "line": 9427, "column": 25 },
        "end": { "line": 9427, "column": 63 }
      },
      "25": {
        "start": { "line": 9428, "column": 29 },
        "end": { "line": 9428, "column": 55 }
      },
      "26": {
        "start": { "line": 9429, "column": 27 },
        "end": { "line": 9435, "column": 10 }
      },
      "27": {
        "start": { "line": 9430, "column": 27 },
        "end": { "line": 9430, "column": 53 }
      },
      "28": {
        "start": { "line": 9431, "column": 28 },
        "end": { "line": 9431, "column": 48 }
      },
      "29": {
        "start": { "line": 9432, "column": 10 },
        "end": { "line": 9434, "column": 12 }
      },
      "30": {
        "start": { "line": 9433, "column": 12 },
        "end": { "line": 9433, "column": 63 }
      },
      "31": {
        "start": { "line": 9437, "column": 8 },
        "end": { "line": 9437, "column": 26 }
      },
      "32": {
        "start": { "line": 9440, "column": 6 },
        "end": { "line": 9442, "column": 9 }
      },
      "33": {
        "start": { "line": 9441, "column": 8 },
        "end": { "line": 9441, "column": 37 }
      },
      "34": {
        "start": { "line": 9445, "column": 2 },
        "end": { "line": 9445, "column": 16 }
      }
    },
    "fnMap": {
      "0": {
        "name": "server",
        "decl": {
          "start": { "line": 3, "column": 24 },
          "end": { "line": 3, "column": 30 }
        },
        "loc": {
          "start": { "line": 3, "column": 69 },
          "end": { "line": 9446, "column": 1 }
        },
        "line": 3
      },
      "1": {
        "name": "(anonymous_1)",
        "decl": {
          "start": { "line": 13, "column": 4 },
          "end": { "line": 13, "column": 5 }
        },
        "loc": {
          "start": { "line": 13, "column": 18 },
          "end": { "line": 9413, "column": 5 }
        },
        "line": 13
      },
      "2": {
        "name": "(anonymous_2)",
        "decl": {
          "start": { "line": 9415, "column": 4 },
          "end": { "line": 9415, "column": 5 }
        },
        "loc": {
          "start": { "line": 9415, "column": 13 },
          "end": { "line": 9443, "column": 5 }
        },
        "line": 9415
      },
      "3": {
        "name": "(anonymous_3)",
        "decl": {
          "start": { "line": 9417, "column": 31 },
          "end": { "line": 9417, "column": 32 }
        },
        "loc": {
          "start": { "line": 9417, "column": 52 },
          "end": { "line": 9420, "column": 7 }
        },
        "line": 9417
      },
      "4": {
        "name": "(anonymous_4)",
        "decl": {
          "start": { "line": 9422, "column": 26 },
          "end": { "line": 9422, "column": 27 }
        },
        "loc": {
          "start": { "line": 9422, "column": 38 },
          "end": { "line": 9424, "column": 7 }
        },
        "line": 9422
      },
      "5": {
        "name": "(anonymous_5)",
        "decl": {
          "start": { "line": 9426, "column": 33 },
          "end": { "line": 9426, "column": 34 }
        },
        "loc": {
          "start": { "line": 9426, "column": 54 },
          "end": { "line": 9438, "column": 7 }
        },
        "line": 9426
      },
      "6": {
        "name": "(anonymous_6)",
        "decl": {
          "start": { "line": 9429, "column": 48 },
          "end": { "line": 9429, "column": 49 }
        },
        "loc": {
          "start": { "line": 9429, "column": 58 },
          "end": { "line": 9435, "column": 9 }
        },
        "line": 9429
      },
      "7": {
        "name": "(anonymous_7)",
        "decl": {
          "start": { "line": 9432, "column": 34 },
          "end": { "line": 9432, "column": 35 }
        },
        "loc": {
          "start": { "line": 9433, "column": 12 },
          "end": { "line": 9433, "column": 63 }
        },
        "line": 9433
      },
      "8": {
        "name": "(anonymous_8)",
        "decl": {
          "start": { "line": 9440, "column": 28 },
          "end": { "line": 9440, "column": 29 }
        },
        "loc": {
          "start": { "line": 9440, "column": 40 },
          "end": { "line": 9442, "column": 7 }
        },
        "line": 9440
      }
    },
    "branchMap": {
      "0": {
        "loc": {
          "start": { "line": 3, "column": 31 },
          "end": { "line": 3, "column": 67 }
        },
        "type": "default-arg",
        "locations": [
          {
            "start": { "line": 3, "column": 65 },
            "end": { "line": 3, "column": 67 }
          }
        ],
        "line": 3
      },
      "1": {
        "loc": {
          "start": { "line": 3, "column": 33 },
          "end": { "line": 3, "column": 60 }
        },
        "type": "default-arg",
        "locations": [
          {
            "start": { "line": 3, "column": 47 },
            "end": { "line": 3, "column": 60 }
          }
        ],
        "line": 3
      }
    },
    "s": {
      "0": 0,
      "1": 0,
      "2": 0,
      "3": 0,
      "4": 0,
      "5": 0,
      "6": 0,
      "7": 0,
      "8": 0,
      "9": 0,
      "10": 0,
      "11": 0,
      "12": 0,
      "13": 0,
      "14": 0,
      "15": 0,
      "16": 0,
      "17": 0,
      "18": 0,
      "19": 0,
      "20": 0,
      "21": 0,
      "22": 0,
      "23": 0,
      "24": 0,
      "25": 0,
      "26": 0,
      "27": 0,
      "28": 0,
      "29": 0,
      "30": 0,
      "31": 0,
      "32": 0,
      "33": 0,
      "34": 0
    },
    "f": {
      "0": 0,
      "1": 0,
      "2": 0,
      "3": 0,
      "4": 0,
      "5": 0,
      "6": 0,
      "7": 0,
      "8": 0
    },
    "b": { "0": [0], "1": [0] }
  },
  "C:\\Users\\Hp\\Desktop\\Git\\Codeccharya\\src\\AllFile\\TopicList.jsx": {
    "path": "C:\\Users\\Hp\\Desktop\\Git\\Codeccharya\\src\\AllFile\\TopicList.jsx",
    "statementMap": {
      "0": {
        "start": { "line": 8, "column": 20 },
        "end": { "line": 219, "column": 1 }
      },
      "1": {
        "start": { "line": 9, "column": 32 },
        "end": { "line": 9, "column": 43 }
      },
      "2": {
        "start": { "line": 10, "column": 38 },
        "end": { "line": 10, "column": 50 }
      },
      "3": {
        "start": { "line": 11, "column": 48 },
        "end": { "line": 11, "column": 62 }
      },
      "4": {
        "start": { "line": 12, "column": 46 },
        "end": { "line": 12, "column": 57 }
      },
      "5": {
        "start": { "line": 13, "column": 32 },
        "end": { "line": 13, "column": 46 }
      },
      "6": {
        "start": { "line": 14, "column": 32 },
        "end": { "line": 14, "column": 44 }
      },
      "7": {
        "start": { "line": 15, "column": 30 },
        "end": { "line": 15, "column": 45 }
      },
      "8": {
        "start": { "line": 16, "column": 48 },
        "end": { "line": 16, "column": 62 }
      },
      "9": {
        "start": { "line": 17, "column": 40 },
        "end": { "line": 17, "column": 55 }
      },
      "10": {
        "start": { "line": 18, "column": 19 },
        "end": { "line": 18, "column": 32 }
      },
      "11": {
        "start": { "line": 19, "column": 27 },
        "end": { "line": 19, "column": 37 }
      },
      "12": {
        "start": { "line": 21, "column": 25 },
        "end": { "line": 32, "column": 3 }
      },
      "13": {
        "start": { "line": 22, "column": 21 },
        "end": { "line": 22, "column": 47 }
      },
      "14": {
        "start": { "line": 23, "column": 19 },
        "end": { "line": 23, "column": 40 }
      },
      "15": {
        "start": { "line": 24, "column": 4 },
        "end": { "line": 24, "column": 34 }
      },
      "16": {
        "start": { "line": 25, "column": 4 },
        "end": { "line": 25, "column": 33 }
      },
      "17": {
        "start": { "line": 26, "column": 4 },
        "end": { "line": 26, "column": 22 }
      },
      "18": {
        "start": { "line": 27, "column": 19 },
        "end": { "line": 27, "column": 70 }
      },
      "19": {
        "start": { "line": 27, "column": 49 },
        "end": { "line": 27, "column": 69 }
      },
      "20": {
        "start": { "line": 28, "column": 4 },
        "end": { "line": 31, "column": 5 }
      },
      "21": {
        "start": { "line": 29, "column": 30 },
        "end": { "line": 29, "column": 52 }
      },
      "22": {
        "start": { "line": 30, "column": 6 },
        "end": { "line": 30, "column": 78 }
      },
      "23": {
        "start": { "line": 34, "column": 2 },
        "end": { "line": 36, "column": 26 }
      },
      "24": {
        "start": { "line": 35, "column": 4 },
        "end": { "line": 35, "column": 21 }
      },
      "25": {
        "start": { "line": 38, "column": 21 },
        "end": { "line": 38, "column": 66 }
      },
      "26": {
        "start": { "line": 38, "column": 46 },
        "end": { "line": 38, "column": 65 }
      },
      "27": {
        "start": { "line": 39, "column": 2 },
        "end": { "line": 39, "column": 26 }
      },
      "28": {
        "start": { "line": 41, "column": 23 },
        "end": { "line": 49, "column": 3 }
      },
      "29": {
        "start": { "line": 42, "column": 21 },
        "end": { "line": 42, "column": 49 }
      },
      "30": {
        "start": { "line": 43, "column": 19 },
        "end": { "line": 43, "column": 40 }
      },
      "31": {
        "start": { "line": 44, "column": 4 },
        "end": { "line": 44, "column": 42 }
      },
      "32": {
        "start": { "line": 45, "column": 4 },
        "end": { "line": 45, "column": 32 }
      },
      "33": {
        "start": { "line": 46, "column": 4 },
        "end": { "line": 46, "column": 33 }
      },
      "34": {
        "start": { "line": 47, "column": 19 },
        "end": { "line": 47, "column": 66 }
      },
      "35": {
        "start": { "line": 47, "column": 51 },
        "end": { "line": 47, "column": 65 }
      },
      "36": {
        "start": { "line": 48, "column": 4 },
        "end": { "line": 48, "column": 24 }
      },
      "37": {
        "start": { "line": 51, "column": 2 },
        "end": { "line": 53, "column": 17 }
      },
      "38": {
        "start": { "line": 52, "column": 4 },
        "end": { "line": 52, "column": 19 }
      },
      "39": {
        "start": { "line": 54, "column": 2 },
        "end": { "line": 54, "column": 23 }
      },
      "40": {
        "start": { "line": 56, "column": 24 },
        "end": { "line": 59, "column": 3 }
      },
      "41": {
        "start": { "line": 57, "column": 4 },
        "end": { "line": 57, "column": 31 }
      },
      "42": {
        "start": { "line": 58, "column": 4 },
        "end": { "line": 58, "column": 53 }
      },
      "43": {
        "start": { "line": 61, "column": 26 },
        "end": { "line": 63, "column": 3 }
      },
      "44": {
        "start": { "line": 62, "column": 4 },
        "end": { "line": 62, "column": 44 }
      },
      "45": {
        "start": { "line": 65, "column": 23 },
        "end": { "line": 69, "column": 3 }
      },
      "46": {
        "start": { "line": 66, "column": 4 },
        "end": { "line": 66, "column": 46 }
      },
      "47": {
        "start": { "line": 67, "column": 4 },
        "end": { "line": 67, "column": 80 }
      },
      "48": {
        "start": { "line": 67, "column": 36 },
        "end": { "line": 67, "column": 77 }
      },
      "49": {
        "start": { "line": 68, "column": 4 },
        "end": { "line": 68, "column": 66 }
      },
      "50": {
        "start": { "line": 71, "column": 23 },
        "end": { "line": 76, "column": 3 }
      },
      "51": {
        "start": { "line": 72, "column": 4 },
        "end": { "line": 75, "column": 7 }
      },
      "52": {
        "start": { "line": 78, "column": 25 },
        "end": { "line": 82, "column": 3 }
      },
      "53": {
        "start": { "line": 79, "column": 4 },
        "end": { "line": 79, "column": 21 }
      },
      "54": {
        "start": { "line": 80, "column": 4 },
        "end": { "line": 80, "column": 28 }
      },
      "55": {
        "start": { "line": 81, "column": 4 },
        "end": { "line": 81, "column": 53 }
      },
      "56": {
        "start": { "line": 84, "column": 2 },
        "end": { "line": 99, "column": 3 }
      },
      "57": {
        "start": { "line": 85, "column": 4 },
        "end": { "line": 98, "column": 6 }
      },
      "58": {
        "start": { "line": 101, "column": 2 },
        "end": { "line": 101, "column": 59 }
      },
      "59": {
        "start": { "line": 103, "column": 2 },
        "end": { "line": 218, "column": 4 }
      },
      "60": {
        "start": { "line": 108, "column": 27 },
        "end": { "line": 108, "column": 47 }
      },
      "61": {
        "start": { "line": 110, "column": 28 },
        "end": { "line": 110, "column": 42 }
      },
      "62": {
        "start": { "line": 112, "column": 10 },
        "end": { "line": 170, "column": 12 }
      },
      "63": {
        "start": { "line": 119, "column": 37 },
        "end": { "line": 119, "column": 57 }
      },
      "64": {
        "start": { "line": 120, "column": 18 },
        "end": { "line": 120, "column": 61 }
      },
      "65": {
        "start": { "line": 121, "column": 18 },
        "end": { "line": 166, "column": 20 }
      },
      "66": {
        "start": { "line": 125, "column": 24 },
        "end": { "line": 125, "column": 45 }
      },
      "67": {
        "start": { "line": 126, "column": 24 },
        "end": { "line": 126, "column": 44 }
      },
      "68": {
        "start": { "line": 127, "column": 24 },
        "end": { "line": 127, "column": 44 }
      },
      "69": {
        "start": { "line": 129, "column": 36 },
        "end": { "line": 129, "column": 72 }
      },
      "70": {
        "start": { "line": 133, "column": 44 },
        "end": { "line": 133, "column": 63 }
      },
      "71": {
        "start": { "line": 141, "column": 26 },
        "end": { "line": 141, "column": 50 }
      },
      "72": {
        "start": { "line": 142, "column": 26 },
        "end": { "line": 142, "column": 46 }
      },
      "73": {
        "start": { "line": 149, "column": 52 },
        "end": { "line": 149, "column": 70 }
      },
      "74": {
        "start": { "line": 150, "column": 30 },
        "end": { "line": 161, "column": 32 }
      },
      "75": {
        "start": { "line": 153, "column": 36 },
        "end": { "line": 153, "column": 72 }
      }
    },
    "fnMap": {
      "0": {
        "name": "(anonymous_0)",
        "decl": {
          "start": { "line": 8, "column": 20 },
          "end": { "line": 8, "column": 21 }
        },
        "loc": {
          "start": { "line": 8, "column": 26 },
          "end": { "line": 219, "column": 1 }
        },
        "line": 8
      },
      "1": {
        "name": "(anonymous_1)",
        "decl": {
          "start": { "line": 21, "column": 25 },
          "end": { "line": 21, "column": 26 }
        },
        "loc": {
          "start": { "line": 21, "column": 37 },
          "end": { "line": 32, "column": 3 }
        },
        "line": 21
      },
      "2": {
        "name": "(anonymous_2)",
        "decl": {
          "start": { "line": 27, "column": 38 },
          "end": { "line": 27, "column": 39 }
        },
        "loc": {
          "start": { "line": 27, "column": 49 },
          "end": { "line": 27, "column": 69 }
        },
        "line": 27
      },
      "3": {
        "name": "(anonymous_3)",
        "decl": {
          "start": { "line": 34, "column": 12 },
          "end": { "line": 34, "column": 13 }
        },
        "loc": {
          "start": { "line": 34, "column": 18 },
          "end": { "line": 36, "column": 3 }
        },
        "line": 34
      },
      "4": {
        "name": "(anonymous_4)",
        "decl": {
          "start": { "line": 38, "column": 36 },
          "end": { "line": 38, "column": 37 }
        },
        "loc": {
          "start": { "line": 38, "column": 46 },
          "end": { "line": 38, "column": 65 }
        },
        "line": 38
      },
      "5": {
        "name": "(anonymous_5)",
        "decl": {
          "start": { "line": 41, "column": 23 },
          "end": { "line": 41, "column": 24 }
        },
        "loc": {
          "start": { "line": 41, "column": 35 },
          "end": { "line": 49, "column": 3 }
        },
        "line": 41
      },
      "6": {
        "name": "(anonymous_6)",
        "decl": {
          "start": { "line": 47, "column": 40 },
          "end": { "line": 47, "column": 41 }
        },
        "loc": {
          "start": { "line": 47, "column": 51 },
          "end": { "line": 47, "column": 65 }
        },
        "line": 47
      },
      "7": {
        "name": "(anonymous_7)",
        "decl": {
          "start": { "line": 51, "column": 12 },
          "end": { "line": 51, "column": 13 }
        },
        "loc": {
          "start": { "line": 51, "column": 18 },
          "end": { "line": 53, "column": 3 }
        },
        "line": 51
      },
      "8": {
        "name": "(anonymous_8)",
        "decl": {
          "start": { "line": 56, "column": 24 },
          "end": { "line": 56, "column": 25 }
        },
        "loc": {
          "start": { "line": 56, "column": 33 },
          "end": { "line": 59, "column": 3 }
        },
        "line": 56
      },
      "9": {
        "name": "(anonymous_9)",
        "decl": {
          "start": { "line": 61, "column": 26 },
          "end": { "line": 61, "column": 27 }
        },
        "loc": {
          "start": { "line": 61, "column": 32 },
          "end": { "line": 63, "column": 3 }
        },
        "line": 61
      },
      "10": {
        "name": "(anonymous_10)",
        "decl": {
          "start": { "line": 65, "column": 23 },
          "end": { "line": 65, "column": 24 }
        },
        "loc": {
          "start": { "line": 65, "column": 36 },
          "end": { "line": 69, "column": 3 }
        },
        "line": 65
      },
      "11": {
        "name": "(anonymous_11)",
        "decl": {
          "start": { "line": 67, "column": 23 },
          "end": { "line": 67, "column": 24 }
        },
        "loc": {
          "start": { "line": 67, "column": 36 },
          "end": { "line": 67, "column": 77 }
        },
        "line": 67
      },
      "12": {
        "name": "(anonymous_12)",
        "decl": {
          "start": { "line": 71, "column": 23 },
          "end": { "line": 71, "column": 24 }
        },
        "loc": {
          "start": { "line": 71, "column": 34 },
          "end": { "line": 76, "column": 3 }
        },
        "line": 71
      },
      "13": {
        "name": "(anonymous_13)",
        "decl": {
          "start": { "line": 78, "column": 25 },
          "end": { "line": 78, "column": 26 }
        },
        "loc": {
          "start": { "line": 78, "column": 48 },
          "end": { "line": 82, "column": 3 }
        },
        "line": 78
      },
      "14": {
        "name": "(anonymous_14)",
        "decl": {
          "start": { "line": 107, "column": 24 },
          "end": { "line": 107, "column": 25 }
        },
        "loc": {
          "start": { "line": 107, "column": 41 },
          "end": { "line": 171, "column": 9 }
        },
        "line": 107
      },
      "15": {
        "name": "(anonymous_15)",
        "decl": {
          "start": { "line": 118, "column": 31 },
          "end": { "line": 118, "column": 32 }
        },
        "loc": {
          "start": { "line": 118, "column": 49 },
          "end": { "line": 167, "column": 17 }
        },
        "line": 118
      },
      "16": {
        "name": "(anonymous_16)",
        "decl": {
          "start": { "line": 124, "column": 31 },
          "end": { "line": 124, "column": 32 }
        },
        "loc": {
          "start": { "line": 124, "column": 37 },
          "end": { "line": 128, "column": 23 }
        },
        "line": 124
      },
      "17": {
        "name": "(anonymous_17)",
        "decl": {
          "start": { "line": 129, "column": 27 },
          "end": { "line": 129, "column": 28 }
        },
        "loc": {
          "start": { "line": 129, "column": 36 },
          "end": { "line": 129, "column": 72 }
        },
        "line": 129
      },
      "18": {
        "name": "(anonymous_18)",
        "decl": {
          "start": { "line": 133, "column": 33 },
          "end": { "line": 133, "column": 34 }
        },
        "loc": {
          "start": { "line": 133, "column": 44 },
          "end": { "line": 133, "column": 63 }
        },
        "line": 133
      },
      "19": {
        "name": "(anonymous_19)",
        "decl": {
          "start": { "line": 140, "column": 33 },
          "end": { "line": 140, "column": 34 }
        },
        "loc": {
          "start": { "line": 140, "column": 44 },
          "end": { "line": 143, "column": 25 }
        },
        "line": 140
      },
      "20": {
        "name": "(anonymous_20)",
        "decl": {
          "start": { "line": 148, "column": 48 },
          "end": { "line": 148, "column": 49 }
        },
        "loc": {
          "start": { "line": 148, "column": 67 },
          "end": { "line": 162, "column": 29 }
        },
        "line": 148
      },
      "21": {
        "name": "(anonymous_21)",
        "decl": {
          "start": { "line": 152, "column": 43 },
          "end": { "line": 152, "column": 44 }
        },
        "loc": {
          "start": { "line": 153, "column": 36 },
          "end": { "line": 153, "column": 72 }
        },
        "line": 153
      }
    },
    "branchMap": {
      "0": {
        "loc": {
          "start": { "line": 28, "column": 4 },
          "end": { "line": 31, "column": 5 }
        },
        "type": "if",
        "locations": [
          {
            "start": { "line": 28, "column": 4 },
            "end": { "line": 31, "column": 5 }
          },
          { "start": {}, "end": {} }
        ],
        "line": 28
      },
      "1": {
        "loc": {
          "start": { "line": 30, "column": 49 },
          "end": { "line": 30, "column": 75 }
        },
        "type": "binary-expr",
        "locations": [
          {
            "start": { "line": 30, "column": 49 },
            "end": { "line": 30, "column": 70 }
          },
          {
            "start": { "line": 30, "column": 74 },
            "end": { "line": 30, "column": 75 }
          }
        ],
        "line": 30
      },
      "2": {
        "loc": {
          "start": { "line": 67, "column": 36 },
          "end": { "line": 67, "column": 77 }
        },
        "type": "cond-expr",
        "locations": [
          {
            "start": { "line": 67, "column": 60 },
            "end": { "line": 67, "column": 64 }
          },
          {
            "start": { "line": 67, "column": 67 },
            "end": { "line": 67, "column": 77 }
          }
        ],
        "line": 67
      },
      "3": {
        "loc": {
          "start": { "line": 84, "column": 2 },
          "end": { "line": 99, "column": 3 }
        },
        "type": "if",
        "locations": [
          {
            "start": { "line": 84, "column": 2 },
            "end": { "line": 99, "column": 3 }
          },
          { "start": {}, "end": {} }
        ],
        "line": 84
      },
      "4": {
        "loc": {
          "start": { "line": 134, "column": 35 },
          "end": { "line": 134, "column": 68 }
        },
        "type": "cond-expr",
        "locations": [
          {
            "start": { "line": 134, "column": 48 },
            "end": { "line": 134, "column": 63 }
          },
          {
            "start": { "line": 134, "column": 66 },
            "end": { "line": 134, "column": 68 }
          }
        ],
        "line": 134
      },
      "5": {
        "loc": {
          "start": { "line": 147, "column": 27 },
          "end": { "line": 162, "column": 30 }
        },
        "type": "binary-expr",
        "locations": [
          {
            "start": { "line": 147, "column": 27 },
            "end": { "line": 147, "column": 42 }
          },
          {
            "start": { "line": 148, "column": 28 },
            "end": { "line": 162, "column": 30 }
          }
        ],
        "line": 147
      },
      "6": {
        "loc": {
          "start": { "line": 156, "column": 36 },
          "end": { "line": 156, "column": 75 }
        },
        "type": "cond-expr",
        "locations": [
          {
            "start": { "line": 156, "column": 52 },
            "end": { "line": 156, "column": 70 }
          },
          {
            "start": { "line": 156, "column": 73 },
            "end": { "line": 156, "column": 75 }
          }
        ],
        "line": 156
      },
      "7": {
        "loc": {
          "start": { "line": 175, "column": 9 },
          "end": { "line": 215, "column": 9 }
        },
        "type": "binary-expr",
        "locations": [
          {
            "start": { "line": 175, "column": 9 },
            "end": { "line": 175, "column": 30 }
          },
          {
            "start": { "line": 176, "column": 10 },
            "end": { "line": 214, "column": 16 }
          }
        ],
        "line": 175
      },
      "8": {
        "loc": {
          "start": { "line": 187, "column": 15 },
          "end": { "line": 199, "column": 15 }
        },
        "type": "cond-expr",
        "locations": [
          {
            "start": { "line": 188, "column": 16 },
            "end": { "line": 196, "column": 19 }
          },
          {
            "start": { "line": 198, "column": 16 },
            "end": { "line": 198, "column": 18 }
          }
        ],
        "line": 187
      },
      "9": {
        "loc": {
          "start": { "line": 187, "column": 15 },
          "end": { "line": 187, "column": 50 }
        },
        "type": "binary-expr",
        "locations": [
          {
            "start": { "line": 187, "column": 15 },
            "end": { "line": 187, "column": 28 }
          },
          {
            "start": { "line": 187, "column": 32 },
            "end": { "line": 187, "column": 50 }
          }
        ],
        "line": 187
      },
      "10": {
        "loc": {
          "start": { "line": 206, "column": 15 },
          "end": { "line": 212, "column": 15 }
        },
        "type": "cond-expr",
        "locations": [
          {
            "start": { "line": 207, "column": 16 },
            "end": { "line": 209, "column": 22 }
          },
          {
            "start": { "line": 211, "column": 16 },
            "end": { "line": 211, "column": 18 }
          }
        ],
        "line": 206
      },
      "11": {
        "loc": {
          "start": { "line": 206, "column": 15 },
          "end": { "line": 206, "column": 51 }
        },
        "type": "binary-expr",
        "locations": [
          {
            "start": { "line": 206, "column": 15 },
            "end": { "line": 206, "column": 28 }
          },
          {
            "start": { "line": 206, "column": 32 },
            "end": { "line": 206, "column": 51 }
          }
        ],
        "line": 206
      }
    },
    "s": {
      "0": 0,
      "1": 0,
      "2": 0,
      "3": 0,
      "4": 0,
      "5": 0,
      "6": 0,
      "7": 0,
      "8": 0,
      "9": 0,
      "10": 0,
      "11": 0,
      "12": 0,
      "13": 0,
      "14": 0,
      "15": 0,
      "16": 0,
      "17": 0,
      "18": 0,
      "19": 0,
      "20": 0,
      "21": 0,
      "22": 0,
      "23": 0,
      "24": 0,
      "25": 0,
      "26": 0,
      "27": 0,
      "28": 0,
      "29": 0,
      "30": 0,
      "31": 0,
      "32": 0,
      "33": 0,
      "34": 0,
      "35": 0,
      "36": 0,
      "37": 0,
      "38": 0,
      "39": 0,
      "40": 0,
      "41": 0,
      "42": 0,
      "43": 0,
      "44": 0,
      "45": 0,
      "46": 0,
      "47": 0,
      "48": 0,
      "49": 0,
      "50": 0,
      "51": 0,
      "52": 0,
      "53": 0,
      "54": 0,
      "55": 0,
      "56": 0,
      "57": 0,
      "58": 0,
      "59": 0,
      "60": 0,
      "61": 0,
      "62": 0,
      "63": 0,
      "64": 0,
      "65": 0,
      "66": 0,
      "67": 0,
      "68": 0,
      "69": 0,
      "70": 0,
      "71": 0,
      "72": 0,
      "73": 0,
      "74": 0,
      "75": 0
    },
    "f": {
      "0": 0,
      "1": 0,
      "2": 0,
      "3": 0,
      "4": 0,
      "5": 0,
      "6": 0,
      "7": 0,
      "8": 0,
      "9": 0,
      "10": 0,
      "11": 0,
      "12": 0,
      "13": 0,
      "14": 0,
      "15": 0,
      "16": 0,
      "17": 0,
      "18": 0,
      "19": 0,
      "20": 0,
      "21": 0
    },
    "b": {
      "0": [0, 0],
      "1": [0, 0],
      "2": [0, 0],
      "3": [0, 0],
      "4": [0, 0],
      "5": [0, 0],
      "6": [0, 0],
      "7": [0, 0],
      "8": [0, 0],
      "9": [0, 0],
      "10": [0, 0],
      "11": [0, 0]
    }
  },
  "C:\\Users\\Hp\\Desktop\\Git\\Codeccharya\\src\\AllPagesRender\\AllRoadMap\\allRoadMap.jsx": {
    "path": "C:\\Users\\Hp\\Desktop\\Git\\Codeccharya\\src\\AllPagesRender\\AllRoadMap\\allRoadMap.jsx",
    "statementMap": {
      "0": {
        "start": { "line": 6, "column": 23 },
        "end": { "line": 78, "column": 1 }
      },
      "1": {
        "start": { "line": 7, "column": 32 },
        "end": { "line": 7, "column": 43 }
      },
      "2": {
        "start": { "line": 8, "column": 40 },
        "end": { "line": 8, "column": 52 }
      },
      "3": {
        "start": { "line": 9, "column": 19 },
        "end": { "line": 9, "column": 32 }
      },
      "4": {
        "start": { "line": 10, "column": 32 },
        "end": { "line": 10, "column": 46 }
      },
      "5": {
        "start": { "line": 12, "column": 27 },
        "end": { "line": 17, "column": 3 }
      },
      "6": {
        "start": { "line": 13, "column": 21 },
        "end": { "line": 13, "column": 64 }
      },
      "7": {
        "start": { "line": 14, "column": 19 },
        "end": { "line": 14, "column": 40 }
      },
      "8": {
        "start": { "line": 15, "column": 4 },
        "end": { "line": 15, "column": 47 }
      },
      "9": {
        "start": { "line": 16, "column": 4 },
        "end": { "line": 16, "column": 22 }
      },
      "10": {
        "start": { "line": 19, "column": 2 },
        "end": { "line": 21, "column": 17 }
      },
      "11": {
        "start": { "line": 20, "column": 4 },
        "end": { "line": 20, "column": 23 }
      },
      "12": {
        "start": { "line": 23, "column": 21 },
        "end": { "line": 23, "column": 70 }
      },
      "13": {
        "start": { "line": 23, "column": 50 },
        "end": { "line": 23, "column": 69 }
      },
      "14": {
        "start": { "line": 24, "column": 2 },
        "end": { "line": 24, "column": 26 }
      },
      "15": {
        "start": { "line": 26, "column": 29 },
        "end": { "line": 30, "column": 3 }
      },
      "16": {
        "start": { "line": 27, "column": 4 },
        "end": { "line": 27, "column": 22 }
      },
      "17": {
        "start": { "line": 29, "column": 4 },
        "end": { "line": 29, "column": 59 }
      },
      "18": {
        "start": { "line": 32, "column": 2 },
        "end": { "line": 47, "column": 3 }
      },
      "19": {
        "start": { "line": 33, "column": 4 },
        "end": { "line": 46, "column": 6 }
      },
      "20": {
        "start": { "line": 49, "column": 31 },
        "end": { "line": 51, "column": 3 }
      },
      "21": {
        "start": { "line": 50, "column": 4 },
        "end": { "line": 50, "column": 24 }
      },
      "22": {
        "start": { "line": 53, "column": 2 },
        "end": { "line": 77, "column": 4 }
      },
      "23": {
        "start": { "line": 63, "column": 12 },
        "end": { "line": 73, "column": 18 }
      },
      "24": {
        "start": { "line": 68, "column": 20 },
        "end": { "line": 70, "column": 25 }
      },
      "25": {
        "start": { "line": 68, "column": 53 },
        "end": { "line": 68, "column": 77 }
      }
    },
    "fnMap": {
      "0": {
        "name": "(anonymous_0)",
        "decl": {
          "start": { "line": 6, "column": 23 },
          "end": { "line": 6, "column": 24 }
        },
        "loc": {
          "start": { "line": 6, "column": 29 },
          "end": { "line": 78, "column": 1 }
        },
        "line": 6
      },
      "1": {
        "name": "(anonymous_1)",
        "decl": {
          "start": { "line": 12, "column": 27 },
          "end": { "line": 12, "column": 28 }
        },
        "loc": {
          "start": { "line": 12, "column": 39 },
          "end": { "line": 17, "column": 3 }
        },
        "line": 12
      },
      "2": {
        "name": "(anonymous_2)",
        "decl": {
          "start": { "line": 19, "column": 12 },
          "end": { "line": 19, "column": 13 }
        },
        "loc": {
          "start": { "line": 19, "column": 18 },
          "end": { "line": 21, "column": 3 }
        },
        "line": 19
      },
      "3": {
        "name": "(anonymous_3)",
        "decl": {
          "start": { "line": 23, "column": 40 },
          "end": { "line": 23, "column": 41 }
        },
        "loc": {
          "start": { "line": 23, "column": 50 },
          "end": { "line": 23, "column": 69 }
        },
        "line": 23
      },
      "4": {
        "name": "(anonymous_4)",
        "decl": {
          "start": { "line": 26, "column": 29 },
          "end": { "line": 26, "column": 30 }
        },
        "loc": {
          "start": { "line": 26, "column": 39 },
          "end": { "line": 30, "column": 3 }
        },
        "line": 26
      },
      "5": {
        "name": "(anonymous_5)",
        "decl": {
          "start": { "line": 49, "column": 31 },
          "end": { "line": 49, "column": 32 }
        },
        "loc": {
          "start": { "line": 49, "column": 37 },
          "end": { "line": 51, "column": 3 }
        },
        "line": 49
      },
      "6": {
        "name": "(anonymous_6)",
        "decl": {
          "start": { "line": 62, "column": 25 },
          "end": { "line": 62, "column": 26 }
        },
        "loc": {
          "start": { "line": 63, "column": 12 },
          "end": { "line": 73, "column": 18 }
        },
        "line": 63
      },
      "7": {
        "name": "(anonymous_7)",
        "decl": {
          "start": { "line": 67, "column": 34 },
          "end": { "line": 67, "column": 35 }
        },
        "loc": {
          "start": { "line": 68, "column": 20 },
          "end": { "line": 70, "column": 25 }
        },
        "line": 68
      },
      "8": {
        "name": "(anonymous_8)",
        "decl": {
          "start": { "line": 68, "column": 47 },
          "end": { "line": 68, "column": 48 }
        },
        "loc": {
          "start": { "line": 68, "column": 53 },
          "end": { "line": 68, "column": 77 }
        },
        "line": 68
      }
    },
    "branchMap": {
      "0": {
        "loc": {
          "start": { "line": 32, "column": 2 },
          "end": { "line": 47, "column": 3 }
        },
        "type": "if",
        "locations": [
          {
            "start": { "line": 32, "column": 2 },
            "end": { "line": 47, "column": 3 }
          },
          { "start": {}, "end": {} }
        ],
        "line": 32
      },
      "1": {
        "loc": {
          "start": { "line": 61, "column": 9 },
          "end": { "line": 74, "column": 12 }
        },
        "type": "binary-expr",
        "locations": [
          {
            "start": { "line": 61, "column": 9 },
            "end": { "line": 61, "column": 19 }
          },
          {
            "start": { "line": 62, "column": 10 },
            "end": { "line": 74, "column": 12 }
          }
        ],
        "line": 61
      },
      "2": {
        "loc": {
          "start": { "line": 66, "column": 17 },
          "end": { "line": 71, "column": 20 }
        },
        "type": "binary-expr",
        "locations": [
          {
            "start": { "line": 66, "column": 17 },
            "end": { "line": 66, "column": 28 }
          },
          {
            "start": { "line": 67, "column": 18 },
            "end": { "line": 71, "column": 20 }
          }
        ],
        "line": 66
      }
    },
    "s": {
      "0": 0,
      "1": 0,
      "2": 0,
      "3": 0,
      "4": 0,
      "5": 0,
      "6": 0,
      "7": 0,
      "8": 0,
      "9": 0,
      "10": 0,
      "11": 0,
      "12": 0,
      "13": 0,
      "14": 0,
      "15": 0,
      "16": 0,
      "17": 0,
      "18": 0,
      "19": 0,
      "20": 0,
      "21": 0,
      "22": 0,
      "23": 0,
      "24": 0,
      "25": 0
    },
    "f": {
      "0": 0,
      "1": 0,
      "2": 0,
      "3": 0,
      "4": 0,
      "5": 0,
      "6": 0,
      "7": 0,
      "8": 0
    },
    "b": { "0": [0, 0], "1": [0, 0], "2": [0, 0] }
  },
  "C:\\Users\\Hp\\Desktop\\Git\\Codeccharya\\src\\Common-Components copy\\Button\\button.jsx": {
    "path": "C:\\Users\\Hp\\Desktop\\Git\\Codeccharya\\src\\Common-Components copy\\Button\\button.jsx",
    "statementMap": {
      "0": {
        "start": { "line": 3, "column": 2 },
        "end": { "line": 9, "column": 4 }
      }
    },
    "fnMap": {
      "0": {
        "name": "Button",
        "decl": {
          "start": { "line": 2, "column": 24 },
          "end": { "line": 2, "column": 30 }
        },
        "loc": {
          "start": { "line": 2, "column": 71 },
          "end": { "line": 10, "column": 1 }
        },
        "line": 2
      }
    },
    "branchMap": {},
    "s": { "0": 0 },
    "f": { "0": 0 },
    "b": {}
  },
  "C:\\Users\\Hp\\Desktop\\Git\\Codeccharya\\src\\Common-Components copy\\Image\\img.jsx": {
    "path": "C:\\Users\\Hp\\Desktop\\Git\\Codeccharya\\src\\Common-Components copy\\Image\\img.jsx",
    "statementMap": {
      "0": {
        "start": { "line": 3, "column": 2 },
        "end": { "line": 7, "column": 4 }
      }
    },
    "fnMap": {
      "0": {
        "name": "ImageCom",
        "decl": {
          "start": { "line": 2, "column": 24 },
          "end": { "line": 2, "column": 32 }
        },
        "loc": {
          "start": { "line": 2, "column": 58 },
          "end": { "line": 8, "column": 1 }
        },
        "line": 2
      }
    },
    "branchMap": {},
    "s": { "0": 0 },
    "f": { "0": 0 },
    "b": {}
  },
  "C:\\Users\\Hp\\Desktop\\Git\\Codeccharya\\src\\Common-Components copy\\Input\\input.jsx": {
    "path": "C:\\Users\\Hp\\Desktop\\Git\\Codeccharya\\src\\Common-Components copy\\Input\\input.jsx",
    "statementMap": {
      "0": {
        "start": { "line": 3, "column": 2 },
        "end": { "line": 12, "column": 4 }
      }
    },
    "fnMap": {
      "0": {
        "name": "Input",
        "decl": {
          "start": { "line": 2, "column": 24 },
          "end": { "line": 2, "column": 29 }
        },
        "loc": {
          "start": { "line": 2, "column": 76 },
          "end": { "line": 13, "column": 1 }
        },
        "line": 2
      }
    },
    "branchMap": {},
    "s": { "0": 0 },
    "f": { "0": 0 },
    "b": {}
  },
  "C:\\Users\\Hp\\Desktop\\Git\\Codeccharya\\src\\Common-Components\\Button\\button.jsx": {
    "path": "C:\\Users\\Hp\\Desktop\\Git\\Codeccharya\\src\\Common-Components\\Button\\button.jsx",
    "statementMap": {
      "0": {
        "start": { "line": 3, "column": 2 },
        "end": { "line": 9, "column": 4 }
      }
    },
    "fnMap": {
      "0": {
        "name": "Button",
        "decl": {
          "start": { "line": 2, "column": 24 },
          "end": { "line": 2, "column": 30 }
        },
        "loc": {
          "start": { "line": 2, "column": 33 },
          "end": { "line": 10, "column": 1 }
        },
        "line": 2
      }
    },
    "branchMap": {},
    "s": { "0": 13 },
    "f": { "0": 13 },
    "b": {},
    "_coverageSchema": "1a1c01bbd47fc00a2c39e90264f33305004495a9",
    "hash": "6065fbe4a7ad0d11f5f4ed14774729f7481f474f"
  },
  "C:\\Users\\Hp\\Desktop\\Git\\Codeccharya\\src\\Common-Components\\Input\\input.jsx": {
    "path": "C:\\Users\\Hp\\Desktop\\Git\\Codeccharya\\src\\Common-Components\\Input\\input.jsx",
    "statementMap": {
      "0": {
        "start": { "line": 9, "column": 2 },
        "end": { "line": 19, "column": 4 }
      }
    },
    "fnMap": {
      "0": {
        "name": "Input",
        "decl": {
          "start": { "line": 2, "column": 24 },
          "end": { "line": 2, "column": 29 }
        },
        "loc": {
          "start": { "line": 8, "column": 3 },
          "end": { "line": 20, "column": 1 }
        },
        "line": 8
      }
    },
    "branchMap": {},
    "s": { "0": 0 },
    "f": { "0": 0 },
    "b": {}
  },
  "C:\\Users\\Hp\\Desktop\\Git\\Codeccharya\\src\\CustomHook\\useArrowPress.jsx": {
    "path": "C:\\Users\\Hp\\Desktop\\Git\\Codeccharya\\src\\CustomHook\\useArrowPress.jsx",
    "statementMap": {
      "0": {
        "start": { "line": 3, "column": 22 },
        "end": { "line": 25, "column": 1 }
      },
      "1": {
        "start": { "line": 4, "column": 40 },
        "end": { "line": 4, "column": 51 }
      },
      "2": {
        "start": { "line": 6, "column": 24 },
        "end": { "line": 16, "column": 3 }
      },
      "3": {
        "start": { "line": 7, "column": 4 },
        "end": { "line": 15, "column": 5 }
      },
      "4": {
        "start": { "line": 8, "column": 6 },
        "end": { "line": 8, "column": 62 }
      },
      "5": {
        "start": { "line": 8, "column": 35 },
        "end": { "line": 8, "column": 60 }
      },
      "6": {
        "start": { "line": 9, "column": 6 },
        "end": { "line": 9, "column": 31 }
      },
      "7": {
        "start": { "line": 10, "column": 11 },
        "end": { "line": 15, "column": 5 }
      },
      "8": {
        "start": { "line": 11, "column": 6 },
        "end": { "line": 11, "column": 76 }
      },
      "9": {
        "start": { "line": 11, "column": 35 },
        "end": { "line": 11, "column": 74 }
      },
      "10": {
        "start": { "line": 12, "column": 6 },
        "end": { "line": 12, "column": 31 }
      },
      "11": {
        "start": { "line": 13, "column": 11 },
        "end": { "line": 15, "column": 5 }
      },
      "12": {
        "start": { "line": 14, "column": 6 },
        "end": { "line": 14, "column": 33 }
      },
      "13": {
        "start": { "line": 17, "column": 2 },
        "end": { "line": 22, "column": 26 }
      },
      "14": {
        "start": { "line": 18, "column": 4 },
        "end": { "line": 18, "column": 54 }
      },
      "15": {
        "start": { "line": 19, "column": 4 },
        "end": { "line": 21, "column": 6 }
      },
      "16": {
        "start": { "line": 20, "column": 6 },
        "end": { "line": 20, "column": 59 }
      },
      "17": {
        "start": { "line": 24, "column": 2 },
        "end": { "line": 24, "column": 25 }
      }
    },
    "fnMap": {
      "0": {
        "name": "(anonymous_0)",
        "decl": {
          "start": { "line": 3, "column": 22 },
          "end": { "line": 3, "column": 23 }
        },
        "loc": {
          "start": { "line": 3, "column": 41 },
          "end": { "line": 25, "column": 1 }
        },
        "line": 3
      },
      "1": {
        "name": "(anonymous_1)",
        "decl": {
          "start": { "line": 6, "column": 24 },
          "end": { "line": 6, "column": 25 }
        },
        "loc": {
          "start": { "line": 6, "column": 35 },
          "end": { "line": 16, "column": 3 }
        },
        "line": 6
      },
      "2": {
        "name": "(anonymous_2)",
        "decl": {
          "start": { "line": 8, "column": 21 },
          "end": { "line": 8, "column": 22 }
        },
        "loc": {
          "start": { "line": 8, "column": 35 },
          "end": { "line": 8, "column": 60 }
        },
        "line": 8
      },
      "3": {
        "name": "(anonymous_3)",
        "decl": {
          "start": { "line": 11, "column": 21 },
          "end": { "line": 11, "column": 22 }
        },
        "loc": {
          "start": { "line": 11, "column": 35 },
          "end": { "line": 11, "column": 74 }
        },
        "line": 11
      },
      "4": {
        "name": "(anonymous_4)",
        "decl": {
          "start": { "line": 17, "column": 12 },
          "end": { "line": 17, "column": 13 }
        },
        "loc": {
          "start": { "line": 17, "column": 18 },
          "end": { "line": 22, "column": 3 }
        },
        "line": 17
      },
      "5": {
        "name": "(anonymous_5)",
        "decl": {
          "start": { "line": 19, "column": 11 },
          "end": { "line": 19, "column": 12 }
        },
        "loc": {
          "start": { "line": 19, "column": 17 },
          "end": { "line": 21, "column": 5 }
        },
        "line": 19
      }
    },
    "branchMap": {
      "0": {
        "loc": {
          "start": { "line": 7, "column": 4 },
          "end": { "line": 15, "column": 5 }
        },
        "type": "if",
        "locations": [
          {
            "start": { "line": 7, "column": 4 },
            "end": { "line": 15, "column": 5 }
          },
          {
            "start": { "line": 10, "column": 11 },
            "end": { "line": 15, "column": 5 }
          }
        ],
        "line": 7
      },
      "1": {
        "loc": {
          "start": { "line": 10, "column": 11 },
          "end": { "line": 15, "column": 5 }
        },
        "type": "if",
        "locations": [
          {
            "start": { "line": 10, "column": 11 },
            "end": { "line": 15, "column": 5 }
          },
          {
            "start": { "line": 13, "column": 11 },
            "end": { "line": 15, "column": 5 }
          }
        ],
        "line": 10
      },
      "2": {
        "loc": {
          "start": { "line": 13, "column": 11 },
          "end": { "line": 15, "column": 5 }
        },
        "type": "if",
        "locations": [
          {
            "start": { "line": 13, "column": 11 },
            "end": { "line": 15, "column": 5 }
          },
          { "start": {}, "end": {} }
        ],
        "line": 13
      }
    },
    "s": {
      "0": 0,
      "1": 0,
      "2": 0,
      "3": 0,
      "4": 0,
      "5": 0,
      "6": 0,
      "7": 0,
      "8": 0,
      "9": 0,
      "10": 0,
      "11": 0,
      "12": 0,
      "13": 0,
      "14": 0,
      "15": 0,
      "16": 0,
      "17": 0
    },
    "f": { "0": 0, "1": 0, "2": 0, "3": 0, "4": 0, "5": 0 },
    "b": { "0": [0, 0], "1": [0, 0], "2": [0, 0] }
  },
  "C:\\Users\\Hp\\Desktop\\Git\\Codeccharya\\src\\FixturesFile\\cssPages.jsx": {
    "path": "C:\\Users\\Hp\\Desktop\\Git\\Codeccharya\\src\\FixturesFile\\cssPages.jsx",
    "statementMap": {},
    "fnMap": {},
    "branchMap": {},
    "s": {},
    "f": {},
    "b": {}
  },
  "C:\\Users\\Hp\\Desktop\\Git\\Codeccharya\\src\\HTML-ROADMAP\\htmlroadmap.jsx": {
    "path": "C:\\Users\\Hp\\Desktop\\Git\\Codeccharya\\src\\HTML-ROADMAP\\htmlroadmap.jsx",
    "statementMap": {
      "0": {
        "start": { "line": 7, "column": 19 },
        "end": { "line": 7, "column": 32 }
      },
      "1": {
        "start": { "line": 8, "column": 32 },
        "end": { "line": 8, "column": 46 }
      },
      "2": {
        "start": { "line": 9, "column": 40 },
        "end": { "line": 9, "column": 52 }
      },
      "3": {
        "start": { "line": 10, "column": 23 },
        "end": { "line": 10, "column": 34 }
      },
      "4": {
        "start": { "line": 11, "column": 17 },
        "end": { "line": 11, "column": 29 }
      },
      "5": {
        "start": { "line": 12, "column": 2 },
        "end": { "line": 12, "column": 24 }
      },
      "6": {
        "start": { "line": 14, "column": 23 },
        "end": { "line": 19, "column": 3 }
      },
      "7": {
        "start": { "line": 15, "column": 21 },
        "end": { "line": 15, "column": 49 }
      },
      "8": {
        "start": { "line": 16, "column": 19 },
        "end": { "line": 16, "column": 40 }
      },
      "9": {
        "start": { "line": 17, "column": 4 },
        "end": { "line": 17, "column": 36 }
      },
      "10": {
        "start": { "line": 18, "column": 4 },
        "end": { "line": 18, "column": 22 }
      },
      "11": {
        "start": { "line": 20, "column": 2 },
        "end": { "line": 22, "column": 9 }
      },
      "12": {
        "start": { "line": 21, "column": 4 },
        "end": { "line": 21, "column": 19 }
      },
      "13": {
        "start": { "line": 23, "column": 2 },
        "end": { "line": 23, "column": 27 }
      },
      "14": {
        "start": { "line": 25, "column": 27 },
        "end": { "line": 28, "column": 3 }
      },
      "15": {
        "start": { "line": 26, "column": 4 },
        "end": { "line": 26, "column": 60 }
      },
      "16": {
        "start": { "line": 29, "column": 23 },
        "end": { "line": 33, "column": 3 }
      },
      "17": {
        "start": { "line": 30, "column": 4 },
        "end": { "line": 32, "column": 5 }
      },
      "18": {
        "start": { "line": 31, "column": 6 },
        "end": { "line": 31, "column": 61 }
      },
      "19": {
        "start": { "line": 35, "column": 25 },
        "end": { "line": 38, "column": 3 }
      },
      "20": {
        "start": { "line": 36, "column": 4 },
        "end": { "line": 36, "column": 28 }
      },
      "21": {
        "start": { "line": 37, "column": 4 },
        "end": { "line": 37, "column": 65 }
      },
      "22": {
        "start": { "line": 40, "column": 21 },
        "end": { "line": 42, "column": 3 }
      },
      "23": {
        "start": { "line": 41, "column": 4 },
        "end": { "line": 41, "column": 24 }
      },
      "24": {
        "start": { "line": 44, "column": 2 },
        "end": { "line": 59, "column": 3 }
      },
      "25": {
        "start": { "line": 45, "column": 4 },
        "end": { "line": 58, "column": 6 }
      },
      "26": {
        "start": { "line": 61, "column": 26 },
        "end": { "line": 61, "column": 75 }
      },
      "27": {
        "start": { "line": 61, "column": 55 },
        "end": { "line": 61, "column": 74 }
      },
      "28": {
        "start": { "line": 62, "column": 2 },
        "end": { "line": 62, "column": 31 }
      },
      "29": {
        "start": { "line": 63, "column": 2 },
        "end": { "line": 103, "column": 4 }
      },
      "30": {
        "start": { "line": 82, "column": 12 },
        "end": { "line": 98, "column": 18 }
      },
      "31": {
        "start": { "line": 85, "column": 29 },
        "end": { "line": 85, "column": 51 }
      },
      "32": {
        "start": { "line": 90, "column": 18 },
        "end": { "line": 95, "column": 23 }
      },
      "33": {
        "start": { "line": 92, "column": 40 },
        "end": { "line": 92, "column": 70 }
      }
    },
    "fnMap": {
      "0": {
        "name": "HtmlRoadMap",
        "decl": {
          "start": { "line": 6, "column": 24 },
          "end": { "line": 6, "column": 35 }
        },
        "loc": {
          "start": { "line": 6, "column": 38 },
          "end": { "line": 104, "column": 1 }
        },
        "line": 6
      },
      "1": {
        "name": "(anonymous_1)",
        "decl": {
          "start": { "line": 14, "column": 23 },
          "end": { "line": 14, "column": 24 }
        },
        "loc": {
          "start": { "line": 14, "column": 35 },
          "end": { "line": 19, "column": 3 }
        },
        "line": 14
      },
      "2": {
        "name": "(anonymous_2)",
        "decl": {
          "start": { "line": 20, "column": 12 },
          "end": { "line": 20, "column": 13 }
        },
        "loc": {
          "start": { "line": 20, "column": 18 },
          "end": { "line": 22, "column": 3 }
        },
        "line": 20
      },
      "3": {
        "name": "(anonymous_3)",
        "decl": {
          "start": { "line": 25, "column": 27 },
          "end": { "line": 25, "column": 28 }
        },
        "loc": {
          "start": { "line": 25, "column": 37 },
          "end": { "line": 28, "column": 3 }
        },
        "line": 25
      },
      "4": {
        "name": "(anonymous_4)",
        "decl": {
          "start": { "line": 29, "column": 23 },
          "end": { "line": 29, "column": 24 }
        },
        "loc": {
          "start": { "line": 29, "column": 29 },
          "end": { "line": 33, "column": 3 }
        },
        "line": 29
      },
      "5": {
        "name": "(anonymous_5)",
        "decl": {
          "start": { "line": 35, "column": 25 },
          "end": { "line": 35, "column": 26 }
        },
        "loc": {
          "start": { "line": 35, "column": 45 },
          "end": { "line": 38, "column": 3 }
        },
        "line": 35
      },
      "6": {
        "name": "(anonymous_6)",
        "decl": {
          "start": { "line": 40, "column": 21 },
          "end": { "line": 40, "column": 22 }
        },
        "loc": {
          "start": { "line": 40, "column": 27 },
          "end": { "line": 42, "column": 3 }
        },
        "line": 40
      },
      "7": {
        "name": "(anonymous_7)",
        "decl": {
          "start": { "line": 61, "column": 45 },
          "end": { "line": 61, "column": 46 }
        },
        "loc": {
          "start": { "line": 61, "column": 55 },
          "end": { "line": 61, "column": 74 }
        },
        "line": 61
      },
      "8": {
        "name": "(anonymous_8)",
        "decl": {
          "start": { "line": 81, "column": 42 },
          "end": { "line": 81, "column": 43 }
        },
        "loc": {
          "start": { "line": 82, "column": 12 },
          "end": { "line": 98, "column": 18 }
        },
        "line": 82
      },
      "9": {
        "name": "(anonymous_9)",
        "decl": {
          "start": { "line": 85, "column": 23 },
          "end": { "line": 85, "column": 24 }
        },
        "loc": {
          "start": { "line": 85, "column": 29 },
          "end": { "line": 85, "column": 51 }
        },
        "line": 85
      },
      "10": {
        "name": "(anonymous_10)",
        "decl": {
          "start": { "line": 89, "column": 36 },
          "end": { "line": 89, "column": 37 }
        },
        "loc": {
          "start": { "line": 90, "column": 18 },
          "end": { "line": 95, "column": 23 }
        },
        "line": 90
      },
      "11": {
        "name": "(anonymous_11)",
        "decl": {
          "start": { "line": 92, "column": 29 },
          "end": { "line": 92, "column": 30 }
        },
        "loc": {
          "start": { "line": 92, "column": 40 },
          "end": { "line": 92, "column": 70 }
        },
        "line": 92
      }
    },
    "branchMap": {
      "0": {
        "loc": {
          "start": { "line": 30, "column": 4 },
          "end": { "line": 32, "column": 5 }
        },
        "type": "if",
        "locations": [
          {
            "start": { "line": 30, "column": 4 },
            "end": { "line": 32, "column": 5 }
          },
          { "start": {}, "end": {} }
        ],
        "line": 30
      },
      "1": {
        "loc": {
          "start": { "line": 44, "column": 2 },
          "end": { "line": 59, "column": 3 }
        },
        "type": "if",
        "locations": [
          {
            "start": { "line": 44, "column": 2 },
            "end": { "line": 59, "column": 3 }
          },
          { "start": {}, "end": {} }
        ],
        "line": 44
      }
    },
    "s": {
      "0": 0,
      "1": 0,
      "2": 0,
      "3": 0,
      "4": 0,
      "5": 0,
      "6": 0,
      "7": 0,
      "8": 0,
      "9": 0,
      "10": 0,
      "11": 0,
      "12": 0,
      "13": 0,
      "14": 0,
      "15": 0,
      "16": 0,
      "17": 0,
      "18": 0,
      "19": 0,
      "20": 0,
      "21": 0,
      "22": 0,
      "23": 0,
      "24": 0,
      "25": 0,
      "26": 0,
      "27": 0,
      "28": 0,
      "29": 0,
      "30": 0,
      "31": 0,
      "32": 0,
      "33": 0
    },
    "f": {
      "0": 0,
      "1": 0,
      "2": 0,
      "3": 0,
      "4": 0,
      "5": 0,
      "6": 0,
      "7": 0,
      "8": 0,
      "9": 0,
      "10": 0,
      "11": 0
    },
    "b": { "0": [0, 0], "1": [0, 0] }
  },
  "C:\\Users\\Hp\\Desktop\\Git\\Codeccharya\\src\\Home\\Content\\content.jsx": {
    "path": "C:\\Users\\Hp\\Desktop\\Git\\Codeccharya\\src\\Home\\Content\\content.jsx",
    "statementMap": {
      "0": {
        "start": { "line": 9, "column": 2 },
        "end": { "line": 24, "column": 4 }
      }
    },
    "fnMap": {
      "0": {
        "name": "ContentCom",
        "decl": {
          "start": { "line": 8, "column": 24 },
          "end": { "line": 8, "column": 34 }
        },
        "loc": {
          "start": { "line": 8, "column": 37 },
          "end": { "line": 25, "column": 1 }
        },
        "line": 8
      }
    },
    "branchMap": {},
    "s": { "0": 0 },
    "f": { "0": 0 },
    "b": {}
  },
  "C:\\Users\\Hp\\Desktop\\Git\\Codeccharya\\src\\Home\\Header\\header.jsx": {
    "path": "C:\\Users\\Hp\\Desktop\\Git\\Codeccharya\\src\\Home\\Header\\header.jsx",
    "statementMap": {
      "0": {
        "start": { "line": 11, "column": 28 },
        "end": { "line": 11, "column": 45 }
      },
      "1": {
        "start": { "line": 12, "column": 46 },
        "end": { "line": 12, "column": 61 }
      },
      "2": {
        "start": { "line": 13, "column": 24 },
        "end": { "line": 13, "column": 56 }
      },
      "3": {
        "start": { "line": 15, "column": 22 },
        "end": { "line": 19, "column": 3 }
      },
      "4": {
        "start": { "line": 16, "column": 21 },
        "end": { "line": 16, "column": 57 }
      },
      "5": {
        "start": { "line": 17, "column": 4 },
        "end": { "line": 17, "column": 23 }
      },
      "6": {
        "start": { "line": 18, "column": 4 },
        "end": { "line": 18, "column": 46 }
      },
      "7": {
        "start": { "line": 21, "column": 2 },
        "end": { "line": 26, "column": 9 }
      },
      "8": {
        "start": { "line": 22, "column": 23 },
        "end": { "line": 22, "column": 54 }
      },
      "9": {
        "start": { "line": 23, "column": 4 },
        "end": { "line": 25, "column": 5 }
      },
      "10": {
        "start": { "line": 24, "column": 6 },
        "end": { "line": 24, "column": 27 }
      },
      "11": {
        "start": { "line": 28, "column": 2 },
        "end": { "line": 30, "column": 14 }
      },
      "12": {
        "start": { "line": 29, "column": 4 },
        "end": { "line": 29, "column": 36 }
      },
      "13": {
        "start": { "line": 32, "column": 28 },
        "end": { "line": 34, "column": 3 }
      },
      "14": {
        "start": { "line": 33, "column": 4 },
        "end": { "line": 33, "column": 39 }
      },
      "15": {
        "start": { "line": 36, "column": 26 },
        "end": { "line": 38, "column": 3 }
      },
      "16": {
        "start": { "line": 37, "column": 4 },
        "end": { "line": 37, "column": 27 }
      },
      "17": {
        "start": { "line": 40, "column": 2 },
        "end": { "line": 71, "column": 4 }
      }
    },
    "fnMap": {
      "0": {
        "name": "Header",
        "decl": {
          "start": { "line": 10, "column": 24 },
          "end": { "line": 10, "column": 30 }
        },
        "loc": {
          "start": { "line": 10, "column": 46 },
          "end": { "line": 72, "column": 1 }
        },
        "line": 10
      },
      "1": {
        "name": "(anonymous_1)",
        "decl": {
          "start": { "line": 15, "column": 22 },
          "end": { "line": 15, "column": 23 }
        },
        "loc": {
          "start": { "line": 15, "column": 28 },
          "end": { "line": 19, "column": 3 }
        },
        "line": 15
      },
      "2": {
        "name": "(anonymous_2)",
        "decl": {
          "start": { "line": 21, "column": 12 },
          "end": { "line": 21, "column": 13 }
        },
        "loc": {
          "start": { "line": 21, "column": 18 },
          "end": { "line": 26, "column": 3 }
        },
        "line": 21
      },
      "3": {
        "name": "(anonymous_3)",
        "decl": {
          "start": { "line": 28, "column": 12 },
          "end": { "line": 28, "column": 13 }
        },
        "loc": {
          "start": { "line": 28, "column": 18 },
          "end": { "line": 30, "column": 3 }
        },
        "line": 28
      },
      "4": {
        "name": "(anonymous_4)",
        "decl": {
          "start": { "line": 32, "column": 28 },
          "end": { "line": 32, "column": 29 }
        },
        "loc": {
          "start": { "line": 32, "column": 34 },
          "end": { "line": 34, "column": 3 }
        },
        "line": 32
      },
      "5": {
        "name": "(anonymous_5)",
        "decl": {
          "start": { "line": 36, "column": 26 },
          "end": { "line": 36, "column": 27 }
        },
        "loc": {
          "start": { "line": 36, "column": 32 },
          "end": { "line": 38, "column": 3 }
        },
        "line": 36
      }
    },
    "branchMap": {
      "0": {
        "loc": {
          "start": { "line": 16, "column": 21 },
          "end": { "line": 16, "column": 57 }
        },
        "type": "cond-expr",
        "locations": [
          {
            "start": { "line": 16, "column": 41 },
            "end": { "line": 16, "column": 47 }
          },
          {
            "start": { "line": 16, "column": 50 },
            "end": { "line": 16, "column": 57 }
          }
        ],
        "line": 16
      },
      "1": {
        "loc": {
          "start": { "line": 23, "column": 4 },
          "end": { "line": 25, "column": 5 }
        },
        "type": "if",
        "locations": [
          {
            "start": { "line": 23, "column": 4 },
            "end": { "line": 25, "column": 5 }
          },
          { "start": {}, "end": {} }
        ],
        "line": 23
      },
      "2": {
        "loc": {
          "start": { "line": 50, "column": 9 },
          "end": { "line": 60, "column": 9 }
        },
        "type": "cond-expr",
        "locations": [
          {
            "start": { "line": 51, "column": 10 },
            "end": { "line": 54, "column": 12 }
          },
          {
            "start": { "line": 56, "column": 10 },
            "end": { "line": 59, "column": 16 }
          }
        ],
        "line": 50
      },
      "3": {
        "loc": {
          "start": { "line": 65, "column": 11 },
          "end": { "line": 65, "column": 42 }
        },
        "type": "cond-expr",
        "locations": [
          {
            "start": { "line": 65, "column": 31 },
            "end": { "line": 65, "column": 35 }
          },
          {
            "start": { "line": 65, "column": 38 },
            "end": { "line": 65, "column": 42 }
          }
        ],
        "line": 65
      },
      "4": {
        "loc": {
          "start": { "line": 69, "column": 7 },
          "end": { "line": 69, "column": 72 }
        },
        "type": "binary-expr",
        "locations": [
          {
            "start": { "line": 69, "column": 7 },
            "end": { "line": 69, "column": 21 }
          },
          {
            "start": { "line": 69, "column": 25 },
            "end": { "line": 69, "column": 72 }
          }
        ],
        "line": 69
      }
    },
    "s": {
      "0": 0,
      "1": 0,
      "2": 0,
      "3": 0,
      "4": 0,
      "5": 0,
      "6": 0,
      "7": 0,
      "8": 0,
      "9": 0,
      "10": 0,
      "11": 0,
      "12": 0,
      "13": 0,
      "14": 0,
      "15": 0,
      "16": 0,
      "17": 0
    },
    "f": { "0": 0, "1": 0, "2": 0, "3": 0, "4": 0, "5": 0 },
    "b": { "0": [0, 0], "1": [0, 0], "2": [0, 0], "3": [0, 0], "4": [0, 0] }
  },
  "C:\\Users\\Hp\\Desktop\\Git\\Codeccharya\\src\\Home\\mainHome\\mainhome.jsx": {
    "path": "C:\\Users\\Hp\\Desktop\\Git\\Codeccharya\\src\\Home\\mainHome\\mainhome.jsx",
    "statementMap": {
      "0": {
        "start": { "line": 5, "column": 2 },
        "end": { "line": 10, "column": 4 }
      }
    },
    "fnMap": {
      "0": {
        "name": "Home",
        "decl": {
          "start": { "line": 4, "column": 24 },
          "end": { "line": 4, "column": 28 }
        },
        "loc": {
          "start": { "line": 4, "column": 31 },
          "end": { "line": 11, "column": 1 }
        },
        "line": 4
      }
    },
    "branchMap": {},
    "s": { "0": 0 },
    "f": { "0": 0 },
    "b": {}
  },
  "C:\\Users\\Hp\\Desktop\\Git\\Codeccharya\\src\\Modal\\modal.jsx": {
    "path": "C:\\Users\\Hp\\Desktop\\Git\\Codeccharya\\src\\Modal\\modal.jsx",
    "statementMap": {
      "0": {
        "start": { "line": 25, "column": 2 },
        "end": { "line": 25, "column": 27 }
      },
      "1": {
        "start": { "line": 25, "column": 15 },
        "end": { "line": 25, "column": 27 }
      },
      "2": {
        "start": { "line": 27, "column": 2 },
        "end": { "line": 46, "column": 4 }
      },
      "3": {
        "start": { "line": 39, "column": 26 },
        "end": { "line": 39, "column": 45 }
      }
    },
    "fnMap": {
      "0": {
        "name": "ModalJi",
        "decl": {
          "start": { "line": 24, "column": 24 },
          "end": { "line": 24, "column": 31 }
        },
        "loc": {
          "start": { "line": 24, "column": 63 },
          "end": { "line": 47, "column": 1 }
        },
        "line": 24
      },
      "1": {
        "name": "(anonymous_1)",
        "decl": {
          "start": { "line": 39, "column": 19 },
          "end": { "line": 39, "column": 20 }
        },
        "loc": {
          "start": { "line": 39, "column": 26 },
          "end": { "line": 39, "column": 45 }
        },
        "line": 39
      }
    },
    "branchMap": {
      "0": {
        "loc": {
          "start": { "line": 25, "column": 2 },
          "end": { "line": 25, "column": 27 }
        },
        "type": "if",
        "locations": [
          {
            "start": { "line": 25, "column": 2 },
            "end": { "line": 25, "column": 27 }
          },
          { "start": {}, "end": {} }
        ],
        "line": 25
      }
    },
    "s": { "0": 0, "1": 0, "2": 0, "3": 0 },
    "f": { "0": 0, "1": 0 },
    "b": { "0": [0, 0] }
  },
  "C:\\Users\\Hp\\Desktop\\Git\\Codeccharya\\src\\MultiSectionViewer\\multiSectionViewer.jsx": {
    "path": "C:\\Users\\Hp\\Desktop\\Git\\Codeccharya\\src\\MultiSectionViewer\\multiSectionViewer.jsx",
    "statementMap": {
      "0": {
        "start": { "line": 7, "column": 19 },
        "end": { "line": 82, "column": 1 }
      },
      "1": {
        "start": { "line": 8, "column": 46 },
        "end": { "line": 8, "column": 58 }
      },
      "2": {
        "start": { "line": 9, "column": 36 },
        "end": { "line": 9, "column": 50 }
      },
      "3": {
        "start": { "line": 10, "column": 19 },
        "end": { "line": 10, "column": 32 }
      },
      "4": {
        "start": { "line": 11, "column": 18 },
        "end": { "line": 11, "column": 29 }
      },
      "5": {
        "start": { "line": 12, "column": 2 },
        "end": { "line": 12, "column": 23 }
      },
      "6": {
        "start": { "line": 14, "column": 30 },
        "end": { "line": 19, "column": 3 }
      },
      "7": {
        "start": { "line": 15, "column": 21 },
        "end": { "line": 15, "column": 52 }
      },
      "8": {
        "start": { "line": 16, "column": 19 },
        "end": { "line": 16, "column": 40 }
      },
      "9": {
        "start": { "line": 17, "column": 4 },
        "end": { "line": 17, "column": 42 }
      },
      "10": {
        "start": { "line": 18, "column": 4 },
        "end": { "line": 18, "column": 24 }
      },
      "11": {
        "start": { "line": 21, "column": 2 },
        "end": { "line": 23, "column": 16 }
      },
      "12": {
        "start": { "line": 22, "column": 4 },
        "end": { "line": 22, "column": 26 }
      },
      "13": {
        "start": { "line": 25, "column": 26 },
        "end": { "line": 27, "column": 3 }
      },
      "14": {
        "start": { "line": 26, "column": 4 },
        "end": { "line": 26, "column": 48 }
      },
      "15": {
        "start": { "line": 29, "column": 2 },
        "end": { "line": 44, "column": 3 }
      },
      "16": {
        "start": { "line": 30, "column": 4 },
        "end": { "line": 43, "column": 6 }
      },
      "17": {
        "start": { "line": 46, "column": 2 },
        "end": { "line": 81, "column": 4 }
      },
      "18": {
        "start": { "line": 60, "column": 12 },
        "end": { "line": 76, "column": 14 }
      },
      "19": {
        "start": { "line": 61, "column": 14 },
        "end": { "line": 75, "column": 20 }
      },
      "20": {
        "start": { "line": 70, "column": 35 },
        "end": { "line": 70, "column": 55 }
      }
    },
    "fnMap": {
      "0": {
        "name": "(anonymous_0)",
        "decl": {
          "start": { "line": 7, "column": 19 },
          "end": { "line": 7, "column": 20 }
        },
        "loc": {
          "start": { "line": 7, "column": 25 },
          "end": { "line": 82, "column": 1 }
        },
        "line": 7
      },
      "1": {
        "name": "(anonymous_1)",
        "decl": {
          "start": { "line": 14, "column": 30 },
          "end": { "line": 14, "column": 31 }
        },
        "loc": {
          "start": { "line": 14, "column": 42 },
          "end": { "line": 19, "column": 3 }
        },
        "line": 14
      },
      "2": {
        "name": "(anonymous_2)",
        "decl": {
          "start": { "line": 21, "column": 12 },
          "end": { "line": 21, "column": 13 }
        },
        "loc": {
          "start": { "line": 21, "column": 18 },
          "end": { "line": 23, "column": 3 }
        },
        "line": 21
      },
      "3": {
        "name": "(anonymous_3)",
        "decl": {
          "start": { "line": 25, "column": 26 },
          "end": { "line": 25, "column": 27 }
        },
        "loc": {
          "start": { "line": 25, "column": 35 },
          "end": { "line": 27, "column": 3 }
        },
        "line": 25
      },
      "4": {
        "name": "(anonymous_4)",
        "decl": {
          "start": { "line": 59, "column": 30 },
          "end": { "line": 59, "column": 31 }
        },
        "loc": {
          "start": { "line": 60, "column": 12 },
          "end": { "line": 76, "column": 14 }
        },
        "line": 60
      },
      "5": {
        "name": "(anonymous_5)",
        "decl": {
          "start": { "line": 60, "column": 38 },
          "end": { "line": 60, "column": 39 }
        },
        "loc": {
          "start": { "line": 61, "column": 14 },
          "end": { "line": 75, "column": 20 }
        },
        "line": 61
      },
      "6": {
        "name": "(anonymous_6)",
        "decl": {
          "start": { "line": 70, "column": 29 },
          "end": { "line": 70, "column": 30 }
        },
        "loc": {
          "start": { "line": 70, "column": 35 },
          "end": { "line": 70, "column": 55 }
        },
        "line": 70
      }
    },
    "branchMap": {
      "0": {
        "loc": {
          "start": { "line": 29, "column": 2 },
          "end": { "line": 44, "column": 3 }
        },
        "type": "if",
        "locations": [
          {
            "start": { "line": 29, "column": 2 },
            "end": { "line": 44, "column": 3 }
          },
          { "start": {}, "end": {} }
        ],
        "line": 29
      }
    },
    "s": {
      "0": 0,
      "1": 0,
      "2": 0,
      "3": 0,
      "4": 0,
      "5": 0,
      "6": 0,
      "7": 0,
      "8": 0,
      "9": 0,
      "10": 0,
      "11": 0,
      "12": 0,
      "13": 0,
      "14": 0,
      "15": 0,
      "16": 0,
      "17": 0,
      "18": 0,
      "19": 0,
      "20": 0
    },
    "f": { "0": 0, "1": 0, "2": 0, "3": 0, "4": 0, "5": 0, "6": 0 },
    "b": { "0": [0, 0] }
  },
  "C:\\Users\\Hp\\Desktop\\Git\\Codeccharya\\src\\Reuseable - Questions\\question.jsx": {
    "path": "C:\\Users\\Hp\\Desktop\\Git\\Codeccharya\\src\\Reuseable - Questions\\question.jsx",
    "statementMap": {
      "0": {
        "start": { "line": 8, "column": 25 },
        "end": { "line": 64, "column": 1 }
      },
      "1": {
        "start": { "line": 9, "column": 19 },
        "end": { "line": 9, "column": 32 }
      },
      "2": {
        "start": { "line": 10, "column": 2 },
        "end": { "line": 10, "column": 24 }
      },
      "3": {
        "start": { "line": 11, "column": 17 },
[...]
      "3": {
        "name": "(anonymous_3)",
        "decl": {
          "start": { "line": 28, "column": 20 },
          "end": { "line": 28, "column": 21 }
        },
        "loc": {
          "start": { "line": 28, "column": 28 },
          "end": { "line": 30, "column": 3 }
        },
        "line": 28
      },
      "4": {
        "name": "(anonymous_4)",
        "decl": {
          "start": { "line": 44, "column": 31 },
          "end": { "line": 44, "column": 32 }
        },
        "loc": {
          "start": { "line": 45, "column": 12 },
          "end": { "line": 58, "column": 14 }
        },
        "line": 45
      },
      "5": {
        "name": "(anonymous_5)",
        "decl": {
          "start": { "line": 45, "column": 38 },
          "end": { "line": 45, "column": 39 }
        },
        "loc": {
          "start": { "line": 46, "column": 14 },
          "end": { "line": 57, "column": 20 }
        },
        "line": 46
      },
      "6": {
        "name": "(anonymous_6)",
        "decl": {
          "start": { "line": 53, "column": 55 },
          "end": { "line": 53, "column": 56 }
        },
        "loc": {
          "start": { "line": 53, "column": 61 },
          "end": { "line": 53, "column": 78 }
        },
        "line": 53
      }
    },
    "branchMap": {},
    "s": {
      "0": 0,
      "1": 0,
      "2": 0,
      "3": 0,
      "4": 0,
      "5": 0,
      "6": 0,
      "7": 0,
      "8": 0,
      "9": 0,
      "10": 0,
      "11": 0,
      "12": 0,
      "13": 0,
      "14": 0,
      "15": 0,
      "16": 0,
      "17": 0,
      "18": 0,
      "19": 0,
      "20": 0
    },
    "f": { "0": 0, "1": 0, "2": 0, "3": 0, "4": 0, "5": 0, "6": 0 },
    "b": {}
  },
  "C:\\Users\\Hp\\Desktop\\Git\\Codeccharya\\src\\Reuseable - Questions\\questionList.jsx": {
    "path": "C:\\Users\\Hp\\Desktop\\Git\\Codeccharya\\src\\Reuseable - Questions\\questionList.jsx",
    "statementMap": {
      "0": {
        "start": { "line": 6, "column": 19 },
        "end": { "line": 6, "column": 32 }
      },
      "1": {
        "start": { "line": 7, "column": 24 },
        "end": { "line": 7, "column": 35 }
      },
      "2": {
        "start": { "line": 8, "column": 2 },
        "end": { "line": 8, "column": 18 }
      },
      "3": {
        "start": { "line": 9, "column": 42 },
        "end": { "line": 9, "column": 54 }
      },
      "4": {
        "start": { "line": 10, "column": 44 },
        "end": { "line": 10, "column": 56 }
      },
      "5": {
        "start": { "line": 12, "column": 2 },
        "end": { "line": 21, "column": 9 }
      },
      "6": {
        "start": { "line": 13, "column": 22 },
        "end": { "line": 19, "column": 5 }
      },
      "7": {
        "start": { "line": 14, "column": 23 },
        "end": { "line": 14, "column": 49 }
      },
      "8": {
        "start": { "line": 15, "column": 6 },
        "end": { "line": 15, "column": 28 }
      },
      "9": {
        "start": { "line": 16, "column": 21 },
        "end": { "line": 16, "column": 42 }
      },
      "10": {
        "start": { "line": 17, "column": 6 },
        "end": { "line": 17, "column": 26 }
      },
      "11": {
        "start": { "line": 18, "column": 6 },
        "end": { "line": 18, "column": 37 }
      },
      "12": {
        "start": { "line": 20, "column": 4 },
        "end": { "line": 20, "column": 16 }
      },
      "13": {
        "start": { "line": 22, "column": 2 },
        "end": { "line": 22, "column": 28 }
      },
      "14": {
        "start": { "line": 23, "column": 21 },
        "end": { "line": 23, "column": 63 }
      },
      "15": {
        "start": { "line": 23, "column": 50 },
        "end": { "line": 23, "column": 62 }
      },
      "16": {
        "start": { "line": 24, "column": 2 },
        "end": { "line": 24, "column": 26 }
      },
      "17": {
        "start": { "line": 27, "column": 4 },
        "end": { "line": 27, "column": 22 }
      },
      "18": {
        "start": { "line": 28, "column": 4 },
        "end": { "line": 28, "column": 27 }
      },
      "19": {
        "start": { "line": 31, "column": 2 },
        "end": { "line": 31, "column": 29 }
      },
      "20": {
        "start": { "line": 33, "column": 2 },
        "end": { "line": 67, "column": 4 }
      },
      "21": {
        "start": { "line": 39, "column": 12 },
        "end": { "line": 39, "column": 30 }
      },
      "22": {
        "start": { "line": 40, "column": 28 },
        "end": { "line": 40, "column": 48 }
      },
      "23": {
        "start": { "line": 41, "column": 12 },
        "end": { "line": 41, "column": 33 }
      },
      "24": {
        "start": { "line": 42, "column": 28 },
        "end": { "line": 42, "column": 41 }
      },
      "25": {
        "start": { "line": 43, "column": 12 },
        "end": { "line": 43, "column": 33 }
      },
      "26": {
        "start": { "line": 44, "column": 12 },
        "end": { "line": 52, "column": 15 }
      },
      "27": {
        "start": { "line": 45, "column": 14 },
        "end": { "line": 51, "column": 16 }
      },
      "28": {
        "start": { "line": 47, "column": 37 },
        "end": { "line": 47, "column": 65 }
      }
    },
    "fnMap": {
      "0": {
        "name": "QuestioList",
        "decl": {
          "start": { "line": 5, "column": 24 },
          "end": { "line": 5, "column": 35 }
        },
        "loc": {
          "start": { "line": 5, "column": 38 },
          "end": { "line": 68, "column": 1 }
        },
        "line": 5
      },
      "1": {
        "name": "(anonymous_1)",
        "decl": {
          "start": { "line": 12, "column": 12 },
          "end": { "line": 12, "column": 13 }
        },
        "loc": {
          "start": { "line": 12, "column": 18 },
          "end": { "line": 21, "column": 3 }
        },
        "line": 12
      },
      "2": {
        "name": "(anonymous_2)",
        "decl": {
          "start": { "line": 13, "column": 22 },
          "end": { "line": 13, "column": 23 }
        },
        "loc": {
          "start": { "line": 13, "column": 34 },
          "end": { "line": 19, "column": 5 }
        },
        "line": 13
      },
      "3": {
        "name": "(anonymous_3)",
        "decl": {
          "start": { "line": 23, "column": 41 },
          "end": { "line": 23, "column": 42 }
        },
        "loc": {
          "start": { "line": 23, "column": 50 },
          "end": { "line": 23, "column": 62 }
        },
        "line": 23
      },
      "4": {
        "name": "handleClickDescription",
        "decl": {
          "start": { "line": 26, "column": 11 },
          "end": { "line": 26, "column": 33 }
        },
        "loc": {
          "start": { "line": 26, "column": 40 },
          "end": { "line": 30, "column": 3 }
        },
        "line": 26
      },
      "5": {
        "name": "(anonymous_5)",
        "decl": {
          "start": { "line": 38, "column": 26 },
          "end": { "line": 38, "column": 27 }
        },
        "loc": {
          "start": { "line": 38, "column": 36 },
          "end": { "line": 53, "column": 11 }
        },
        "line": 38
      },
      "6": {
        "name": "(anonymous_6)",
        "decl": {
          "start": { "line": 44, "column": 31 },
          "end": { "line": 44, "column": 32 }
        },
        "loc": {
          "start": { "line": 44, "column": 41 },
          "end": { "line": 52, "column": 13 }
        },
        "line": 44
      },
      "7": {
        "name": "(anonymous_7)",
        "decl": {
          "start": { "line": 47, "column": 31 },
          "end": { "line": 47, "column": 32 }
        },
        "loc": {
          "start": { "line": 47, "column": 37 },
          "end": { "line": 47, "column": 65 }
        },
        "line": 47
      }
    },
    "branchMap": {
      "0": {
        "loc": {
          "start": { "line": 56, "column": 11 },
          "end": { "line": 62, "column": 11 }
        },
        "type": "cond-expr",
        "locations": [
          {
            "start": { "line": 57, "column": 12 },
            "end": { "line": 59, "column": 15 }
          },
          {
            "start": { "line": 61, "column": 12 },
            "end": { "line": 61, "column": 14 }
          }
        ],
        "line": 56
      }
    },
    "s": {
      "0": 0,
      "1": 0,
      "2": 0,
      "3": 0,
      "4": 0,
      "5": 0,
      "6": 0,
      "7": 0,
      "8": 0,
      "9": 0,
      "10": 0,
      "11": 0,
      "12": 0,
      "13": 0,
      "14": 0,
      "15": 0,
      "16": 0,
      "17": 0,
      "18": 0,
      "19": 0,
      "20": 0,
      "21": 0,
      "22": 0,
      "23": 0,
      "24": 0,
      "25": 0,
      "26": 0,
      "27": 0,
      "28": 0
    },
    "f": { "0": 0, "1": 0, "2": 0, "3": 0, "4": 0, "5": 0, "6": 0, "7": 0 },
    "b": { "0": [0, 0] }
  },
  "C:\\Users\\Hp\\Desktop\\Git\\Codeccharya\\src\\Search\\search.jsx": {
    "path": "C:\\Users\\Hp\\Desktop\\Git\\Codeccharya\\src\\Search\\search.jsx",
    "statementMap": {
      "0": {
        "start": { "line": 6, "column": 15 },
        "end": { "line": 78, "column": 1 }
      },
      "1": {
        "start": { "line": 7, "column": 28 },
        "end": { "line": 7, "column": 40 }
      },
      "2": {
        "start": { "line": 8, "column": 40 },
        "end": { "line": 8, "column": 52 }
      },
      "3": {
        "start": { "line": 9, "column": 19 },
        "end": { "line": 9, "column": 32 }
      },
      "4": {
        "start": { "line": 11, "column": 2 },
        "end": { "line": 34, "column": 14 }
      },
      "5": {
        "start": { "line": 12, "column": 21 },
        "end": { "line": 25, "column": 5 }
      },
      "6": {
        "start": { "line": 13, "column": 6 },
        "end": { "line": 24, "column": 7 }
      },
      "7": {
        "start": { "line": 14, "column": 8 },
        "end": { "line": 21, "column": 9 }
      },
      "8": {
        "start": { "line": 15, "column": 27 },
        "end": { "line": 15, "column": 74 }
      },
      "9": {
        "start": { "line": 16, "column": 25 },
        "end": { "line": 16, "column": 46 }
      },
      "10": {
        "start": { "line": 17, "column": 10 },
        "end": { "line": 17, "column": 32 }
      },
      "11": {
        "start": { "line": 19, "column": 10 },
        "end": { "line": 19, "column": 29 }
      },
      "12": {
        "start": { "line": 20, "column": 10 },
        "end": { "line": 20, "column": 28 }
      },
      "13": {
        "start": { "line": 23, "column": 8 },
        "end": { "line": 23, "column": 26 }
      },
      "14": {
        "start": { "line": 27, "column": 26 },
        "end": { "line": 29, "column": 11 }
      },
      "15": {
        "start": { "line": 28, "column": 6 },
        "end": { "line": 28, "column": 17 }
      },
      "16": {
        "start": { "line": 31, "column": 4 },
        "end": { "line": 33, "column": 6 }
      },
      "17": {
        "start": { "line": 32, "column": 6 },
        "end": { "line": 32, "column": 34 }
      },
      "18": {
        "start": { "line": 36, "column": 22 },
        "end": { "line": 38, "column": 3 }
      },
      "19": {
        "start": { "line": 37, "column": 4 },
        "end": { "line": 37, "column": 29 }
      },
      "20": {
        "start": { "line": 40, "column": 32 },
        "end": { "line": 43, "column": 3 }
      },
      "21": {
        "start": { "line": 41, "column": 4 },
        "end": { "line": 41, "column": 61 }
      },
      "22": {
        "start": { "line": 42, "column": 4 },
        "end": { "line": 42, "column": 23 }
      },
      "23": {
        "start": { "line": 44, "column": 26 },
        "end": { "line": 44, "column": 76 }
      },
      "24": {
        "start": { "line": 46, "column": 2 },
        "end": { "line": 77, "column": 4 }
      },
      "25": {
        "start": { "line": 63, "column": 12 },
        "end": { "line": 72, "column": 17 }
      },
      "26": {
        "start": { "line": 65, "column": 29 },
        "end": { "line": 65, "column": 57 }
      }
    },
    "fnMap": {
      "0": {
        "name": "(anonymous_0)",
        "decl": {
          "start": { "line": 6, "column": 15 },
          "end": { "line": 6, "column": 16 }
        },
        "loc": {
          "start": { "line": 6, "column": 41 },
          "end": { "line": 78, "column": 1 }
        },
        "line": 6
      },
      "1": {
        "name": "(anonymous_1)",
        "decl": {
          "start": { "line": 11, "column": 12 },
          "end": { "line": 11, "column": 13 }
        },
        "loc": {
          "start": { "line": 11, "column": 18 },
          "end": { "line": 34, "column": 3 }
        },
        "line": 11
      },
      "2": {
        "name": "(anonymous_2)",
        "decl": {
          "start": { "line": 12, "column": 21 },
          "end": { "line": 12, "column": 22 }
        },
        "loc": {
          "start": { "line": 12, "column": 33 },
          "end": { "line": 25, "column": 5 }
        },
        "line": 12
      },
      "3": {
        "name": "(anonymous_3)",
        "decl": {
          "start": { "line": 27, "column": 37 },
          "end": { "line": 27, "column": 38 }
        },
        "loc": {
          "start": { "line": 27, "column": 43 },
          "end": { "line": 29, "column": 5 }
        },
        "line": 27
      },
      "4": {
        "name": "(anonymous_4)",
        "decl": {
          "start": { "line": 31, "column": 11 },
          "end": { "line": 31, "column": 12 }
        },
        "loc": {
          "start": { "line": 31, "column": 17 },
          "end": { "line": 33, "column": 5 }
        },
        "line": 31
      },
      "5": {
        "name": "(anonymous_5)",
        "decl": {
          "start": { "line": 36, "column": 22 },
          "end": { "line": 36, "column": 23 }
        },
        "loc": {
          "start": { "line": 36, "column": 29 },
          "end": { "line": 38, "column": 3 }
        },
        "line": 36
      },
      "6": {
        "name": "(anonymous_6)",
        "decl": {
          "start": { "line": 40, "column": 32 },
          "end": { "line": 40, "column": 33 }
        },
        "loc": {
          "start": { "line": 40, "column": 43 },
          "end": { "line": 43, "column": 3 }
        },
        "line": 40
      },
      "7": {
        "name": "(anonymous_7)",
        "decl": {
          "start": { "line": 62, "column": 28 },
          "end": { "line": 62, "column": 29 }
        },
        "loc": {
          "start": { "line": 63, "column": 12 },
          "end": { "line": 72, "column": 17 }
        },
        "line": 63
      },
      "8": {
        "name": "(anonymous_8)",
        "decl": {
          "start": { "line": 65, "column": 23 },
          "end": { "line": 65, "column": 24 }
        },
        "loc": {
          "start": { "line": 65, "column": 29 },
          "end": { "line": 65, "column": 57 }
        },
        "line": 65
      }
    },
    "branchMap": {
      "0": {
        "loc": {
          "start": { "line": 13, "column": 6 },
          "end": { "line": 24, "column": 7 }
        },
        "type": "if",
        "locations": [
          {
            "start": { "line": 13, "column": 6 },
            "end": { "line": 24, "column": 7 }
          },
          {
            "start": { "line": 22, "column": 13 },
            "end": { "line": 24, "column": 7 }
          }
        ],
        "line": 13
      },
      "1": {
        "loc": {
          "start": { "line": 68, "column": 18 },
          "end": { "line": 68, "column": 68 }
        },
        "type": "cond-expr",
        "locations": [
          {
            "start": { "line": 68, "column": 42 },
            "end": { "line": 68, "column": 63 }
          },
          {
            "start": { "line": 68, "column": 66 },
            "end": { "line": 68, "column": 68 }
          }
        ],
        "line": 68
      }
    },
    "s": {
      "0": 0,
      "1": 0,
      "2": 0,
      "3": 0,
      "4": 0,
      "5": 0,
      "6": 0,
      "7": 0,
      "8": 0,
      "9": 0,
      "10": 0,
      "11": 0,
      "12": 0,
      "13": 0,
      "14": 0,
      "15": 0,
      "16": 0,
      "17": 0,
      "18": 0,
      "19": 0,
      "20": 0,
      "21": 0,
      "22": 0,
      "23": 0,
      "24": 0,
      "25": 0,
      "26": 0
    },
    "f": {
      "0": 0,
      "1": 0,
      "2": 0,
      "3": 0,
      "4": 0,
      "5": 0,
      "6": 0,
      "7": 0,
      "8": 0
    },
    "b": { "0": [0, 0], "1": [0, 0] }
  },
  "C:\\Users\\Hp\\Desktop\\Git\\Codeccharya\\src\\Topic-List\\Maintopic\\maintopic.jsx": {
    "path": "C:\\Users\\Hp\\Desktop\\Git\\Codeccharya\\src\\Topic-List\\Maintopic\\maintopic.jsx",
    "statementMap": {
      "0": {
        "start": { "line": 9, "column": 32 },
        "end": { "line": 9, "column": 43 }
      },
      "1": {
        "start": { "line": 10, "column": 30 },
        "end": { "line": 10, "column": 42 }
      },
      "2": {
        "start": { "line": 11, "column": 44 },
        "end": { "line": 11, "column": 58 }
      },
      "3": {
        "start": { "line": 12, "column": 19 },
        "end": { "line": 12, "column": 32 }
      },
      "4": {
        "start": { "line": 14, "column": 2 },
        "end": { "line": 21, "column": 17 }
      },
      "5": {
        "start": { "line": 15, "column": 4 },
        "end": { "line": 20, "column": 9 }
      },
      "6": {
        "start": { "line": 16, "column": 21 },
        "end": { "line": 16, "column": 31 }
      },
      "7": {
        "start": { "line": 18, "column": 8 },
        "end": { "line": 18, "column": 26 }
      },
      "8": {
        "start": { "line": 19, "column": 8 },
        "end": { "line": 19, "column": 24 }
      },
      "9": {
        "start": { "line": 23, "column": 27 },
        "end": { "line": 25, "column": 3 }
      },
      "10": {
        "start": { "line": 24, "column": 4 },
        "end": { "line": 24, "column": 53 }
      },
      "11": {
        "start": { "line": 27, "column": 2 },
        "end": { "line": 42, "column": 4 }
      }
    },
    "fnMap": {
      "0": {
        "name": "TopicList",
        "decl": {
          "start": { "line": 8, "column": 24 },
          "end": { "line": 8, "column": 33 }
        },
        "loc": {
          "start": { "line": 8, "column": 36 },
          "end": { "line": 43, "column": 1 }
        },
        "line": 8
      },
      "1": {
        "name": "(anonymous_1)",
        "decl": {
          "start": { "line": 14, "column": 12 },
          "end": { "line": 14, "column": 13 }
        },
        "loc": {
          "start": { "line": 14, "column": 18 },
          "end": { "line": 21, "column": 3 }
        },
        "line": 14
      },
      "2": {
        "name": "(anonymous_2)",
        "decl": {
          "start": { "line": 16, "column": 12 },
          "end": { "line": 16, "column": 13 }
        },
        "loc": {
          "start": { "line": 16, "column": 21 },
          "end": { "line": 16, "column": 31 }
        },
        "line": 16
      },
      "3": {
        "name": "(anonymous_3)",
        "decl": {
          "start": { "line": 17, "column": 12 },
          "end": { "line": 17, "column": 13 }
        },
        "loc": {
          "start": { "line": 17, "column": 22 },
          "end": { "line": 20, "column": 7 }
        },
        "line": 17
      },
      "4": {
        "name": "(anonymous_4)",
        "decl": {
          "start": { "line": 23, "column": 27 },
          "end": { "line": 23, "column": 28 }
        },
        "loc": {
          "start": { "line": 23, "column": 35 },
          "end": { "line": 25, "column": 3 }
        },
        "line": 23
      }
    },
    "branchMap": {},
    "s": {
      "0": 0,
      "1": 0,
      "2": 0,
      "3": 0,
      "4": 0,
      "5": 0,
      "6": 0,
      "7": 0,
      "8": 0,
      "9": 0,
      "10": 0,
      "11": 0
    },
    "f": { "0": 0, "1": 0, "2": 0, "3": 0, "4": 0 },
    "b": {}
  }
}
